{"/home/travis/build/npmtest/node-npmtest-koa-router/test.js":{"path":"/home/travis/build/npmtest/node-npmtest-koa-router/test.js","s":{"1":2,"2":2,"3":2,"4":2,"5":2,"6":2,"7":2,"8":1,"9":2,"10":2,"11":1,"12":1,"13":1,"14":1,"15":2,"16":2,"17":2,"18":2,"19":1,"20":1,"21":2,"22":2,"23":2,"24":1,"25":1,"26":1,"27":1,"28":1,"29":1,"30":1,"31":1,"32":1,"33":1,"34":1,"35":1,"36":1,"37":1,"38":1,"39":2,"40":2,"41":1,"42":2,"43":2,"44":1,"45":2,"46":2,"47":1,"48":2,"49":2,"50":1,"51":1,"52":1,"53":1,"54":1},"b":{"1":[2,1,1,1],"2":[1,1,1,1],"3":[1,1],"4":[1,1],"5":[1,1],"6":[1,1],"7":[1,1],"8":[1,1],"9":[1,1],"10":[1,1,1],"11":[1,1],"12":[1,1],"13":[1,1],"14":[1,1],"15":[1,1],"16":[1,1],"17":[1,1]},"f":{"1":2,"2":2,"3":2,"4":2,"5":2,"6":1,"7":1,"8":1,"9":2,"10":2,"11":2,"12":2,"13":1},"fnMap":{"1":{"name":"(anonymous_1)","line":12,"loc":{"start":{"line":12,"column":1},"end":{"line":12,"column":13}}},"2":{"name":"(anonymous_2)","line":19,"loc":{"start":{"line":19,"column":5},"end":{"line":19,"column":17}}},"3":{"name":"(anonymous_3)","line":23,"loc":{"start":{"line":23,"column":24},"end":{"line":23,"column":36}}},"4":{"name":"(anonymous_4)","line":61,"loc":{"start":{"line":61,"column":5},"end":{"line":61,"column":17}}},"5":{"name":"(anonymous_5)","line":82,"loc":{"start":{"line":82,"column":5},"end":{"line":82,"column":17}}},"6":{"name":"(anonymous_6)","line":91,"loc":{"start":{"line":91,"column":77},"end":{"line":94,"column":10}}},"7":{"name":"(anonymous_7)","line":112,"loc":{"start":{"line":112,"column":83},"end":{"line":115,"column":10}},"skip":true},"8":{"name":"(anonymous_8)","line":123,"loc":{"start":{"line":123,"column":77},"end":{"line":126,"column":10}},"skip":true},"9":{"name":"(anonymous_9)","line":139,"loc":{"start":{"line":139,"column":12},"end":{"line":139,"column":40}},"skip":true},"10":{"name":"(anonymous_10)","line":147,"loc":{"start":{"line":147,"column":77},"end":{"line":150,"column":10}},"skip":true},"11":{"name":"(anonymous_11)","line":158,"loc":{"start":{"line":158,"column":83},"end":{"line":161,"column":10}},"skip":true},"12":{"name":"(anonymous_12)","line":169,"loc":{"start":{"line":169,"column":79},"end":{"line":172,"column":10}},"skip":true},"13":{"name":"(anonymous_13)","line":180,"loc":{"start":{"line":180,"column":75},"end":{"line":183,"column":10}},"skip":true}},"statementMap":{"1":{"start":{"line":12,"column":0},"end":{"line":195,"column":5}},"2":{"start":{"line":14,"column":4},"end":{"line":14,"column":14}},"3":{"start":{"line":19,"column":4},"end":{"line":56,"column":9}},"4":{"start":{"line":21,"column":8},"end":{"line":21,"column":19}},"5":{"start":{"line":23,"column":8},"end":{"line":35,"column":13}},"6":{"start":{"line":24,"column":12},"end":{"line":34,"column":13}},"7":{"start":{"line":25,"column":16},"end":{"line":28,"column":30}},"8":{"start":{"line":30,"column":16},"end":{"line":33,"column":27}},"9":{"start":{"line":37,"column":8},"end":{"line":39,"column":21}},"10":{"start":{"line":40,"column":8},"end":{"line":53,"column":9}},"11":{"start":{"line":43,"column":12},"end":{"line":46,"column":14}},"12":{"start":{"line":47,"column":12},"end":{"line":47,"column":18}},"13":{"start":{"line":50,"column":12},"end":{"line":51,"column":46}},"14":{"start":{"line":52,"column":12},"end":{"line":52,"column":18}},"15":{"start":{"line":55,"column":8},"end":{"line":55,"column":35}},"16":{"start":{"line":61,"column":4},"end":{"line":63,"column":9}},"17":{"start":{"line":62,"column":8},"end":{"line":62,"column":15}},"18":{"start":{"line":64,"column":4},"end":{"line":77,"column":5}},"19":{"start":{"line":70,"column":8},"end":{"line":70,"column":14}},"20":{"start":{"line":76,"column":8},"end":{"line":76,"column":14}},"21":{"start":{"line":82,"column":4},"end":{"line":84,"column":9}},"22":{"start":{"line":83,"column":8},"end":{"line":83,"column":15}},"23":{"start":{"line":85,"column":4},"end":{"line":194,"column":5}},"24":{"start":{"line":91,"column":8},"end":{"line":99,"column":10}},"25":{"start":{"line":98,"column":12},"end":{"line":98,"column":35}},"26":{"start":{"line":102,"column":8},"end":{"line":104,"column":63}},"27":{"start":{"line":105,"column":8},"end":{"line":105,"column":14}},"28":{"start":{"line":112,"column":8},"end":{"line":121,"column":10},"skip":true},"29":{"start":{"line":119,"column":12},"end":{"line":119,"column":55},"skip":true},"30":{"start":{"line":120,"column":12},"end":{"line":120,"column":48},"skip":true},"31":{"start":{"line":123,"column":8},"end":{"line":136,"column":10},"skip":true},"32":{"start":{"line":130,"column":12},"end":{"line":130,"column":76},"skip":true},"33":{"start":{"line":131,"column":12},"end":{"line":131,"column":73},"skip":true},"34":{"start":{"line":132,"column":12},"end":{"line":132,"column":74},"skip":true},"35":{"start":{"line":133,"column":12},"end":{"line":133,"column":79},"skip":true},"36":{"start":{"line":134,"column":12},"end":{"line":134,"column":25},"skip":true},"37":{"start":{"line":135,"column":12},"end":{"line":135,"column":45},"skip":true},"38":{"start":{"line":138,"column":8},"end":{"line":145,"column":14},"skip":true},"39":{"start":{"line":143,"column":16},"end":{"line":143,"column":29},"skip":true},"40":{"start":{"line":144,"column":16},"end":{"line":144,"column":55},"skip":true},"41":{"start":{"line":147,"column":8},"end":{"line":156,"column":10},"skip":true},"42":{"start":{"line":154,"column":12},"end":{"line":154,"column":25},"skip":true},"43":{"start":{"line":155,"column":12},"end":{"line":155,"column":45},"skip":true},"44":{"start":{"line":158,"column":8},"end":{"line":167,"column":10},"skip":true},"45":{"start":{"line":165,"column":12},"end":{"line":165,"column":25},"skip":true},"46":{"start":{"line":166,"column":12},"end":{"line":166,"column":48},"skip":true},"47":{"start":{"line":169,"column":8},"end":{"line":178,"column":10},"skip":true},"48":{"start":{"line":176,"column":12},"end":{"line":176,"column":25},"skip":true},"49":{"start":{"line":177,"column":12},"end":{"line":177,"column":46},"skip":true},"50":{"start":{"line":180,"column":8},"end":{"line":189,"column":10},"skip":true},"51":{"start":{"line":187,"column":12},"end":{"line":187,"column":94},"skip":true},"52":{"start":{"line":188,"column":12},"end":{"line":188,"column":48},"skip":true},"53":{"start":{"line":192,"column":8},"end":{"line":192,"column":35},"skip":true},"54":{"start":{"line":193,"column":8},"end":{"line":193,"column":14},"skip":true}},"branchMap":{"1":{"line":25,"type":"binary-expr","locations":[{"start":{"line":25,"column":23},"end":{"line":25,"column":62}},{"start":{"line":26,"column":20},"end":{"line":26,"column":70}},{"start":{"line":27,"column":20},"end":{"line":27,"column":71}},{"start":{"line":28,"column":20},"end":{"line":28,"column":29}}]},"2":{"line":30,"type":"binary-expr","locations":[{"start":{"line":30,"column":23},"end":{"line":30,"column":37}},{"start":{"line":31,"column":20},"end":{"line":31,"column":61}},{"start":{"line":32,"column":20},"end":{"line":32,"column":70}},{"start":{"line":33,"column":20},"end":{"line":33,"column":26}}]},"3":{"line":37,"type":"cond-expr","locations":[{"start":{"line":38,"column":14},"end":{"line":38,"column":20}},{"start":{"line":39,"column":14},"end":{"line":39,"column":20}}]},"4":{"line":40,"type":"switch","locations":[{"start":{"line":42,"column":8},"end":{"line":47,"column":18}},{"start":{"line":49,"column":8},"end":{"line":52,"column":18}}]},"5":{"line":44,"type":"binary-expr","locations":[{"start":{"line":44,"column":16},"end":{"line":44,"column":44}},{"start":{"line":44,"column":48},"end":{"line":44,"column":66}}]},"6":{"line":50,"type":"binary-expr","locations":[{"start":{"line":50,"column":21},"end":{"line":50,"column":49}},{"start":{"line":50,"column":53},"end":{"line":50,"column":72}}]},"7":{"line":64,"type":"switch","locations":[{"start":{"line":69,"column":4},"end":{"line":70,"column":14}},{"start":{"line":75,"column":4},"end":{"line":76,"column":14}}]},"8":{"line":85,"type":"switch","locations":[{"start":{"line":90,"column":4},"end":{"line":105,"column":14}},{"start":{"line":111,"column":4},"end":{"line":193,"column":14},"skip":true}]},"9":{"line":91,"type":"binary-expr","locations":[{"start":{"line":91,"column":42},"end":{"line":91,"column":73}},{"start":{"line":91,"column":77},"end":{"line":99,"column":9}}]},"10":{"line":102,"type":"binary-expr","locations":[{"start":{"line":102,"column":18},"end":{"line":102,"column":32}},{"start":{"line":103,"column":12},"end":{"line":103,"column":53}},{"start":{"line":104,"column":12},"end":{"line":104,"column":61}}]},"11":{"line":112,"type":"binary-expr","locations":[{"start":{"line":112,"column":45},"end":{"line":112,"column":79},"skip":true},{"start":{"line":112,"column":83},"end":{"line":121,"column":9},"skip":true}]},"12":{"line":123,"type":"binary-expr","locations":[{"start":{"line":123,"column":42},"end":{"line":123,"column":73},"skip":true},{"start":{"line":123,"column":77},"end":{"line":136,"column":9},"skip":true}]},"13":{"line":138,"type":"binary-expr","locations":[{"start":{"line":138,"column":48},"end":{"line":138,"column":85},"skip":true},{"start":{"line":139,"column":12},"end":{"line":145,"column":13},"skip":true}]},"14":{"line":147,"type":"binary-expr","locations":[{"start":{"line":147,"column":42},"end":{"line":147,"column":73},"skip":true},{"start":{"line":147,"column":77},"end":{"line":156,"column":9},"skip":true}]},"15":{"line":158,"type":"binary-expr","locations":[{"start":{"line":158,"column":45},"end":{"line":158,"column":79},"skip":true},{"start":{"line":158,"column":83},"end":{"line":167,"column":9},"skip":true}]},"16":{"line":169,"type":"binary-expr","locations":[{"start":{"line":169,"column":43},"end":{"line":169,"column":75},"skip":true},{"start":{"line":169,"column":79},"end":{"line":178,"column":9},"skip":true}]},"17":{"line":180,"type":"binary-expr","locations":[{"start":{"line":180,"column":41},"end":{"line":180,"column":71},"skip":true},{"start":{"line":180,"column":75},"end":{"line":189,"column":9},"skip":true}]}},"code":["/* istanbul instrument in package npmtest_koa_router */","/*jslint","    bitwise: true,","    browser: true,","    maxerr: 8,","    maxlen: 96,","    node: true,","    nomen: true,","    regexp: true,","    stupid: true","*/","(function () {","    'use strict';","    var local;","","","","    // run shared js-env code - pre-init","    (function () {","        // init local","        local = {};","        // init modeJs","        local.modeJs = (function () {","            try {","                return typeof navigator.userAgent === 'string' &&","                    typeof document.querySelector('body') === 'object' &&","                    typeof XMLHttpRequest.prototype.open === 'function' &&","                    'browser';","            } catch (errorCaughtBrowser) {","                return module.exports &&","                    typeof process.versions.node === 'string' &&","                    typeof require('http').createServer === 'function' &&","                    'node';","            }","        }());","        // init global","        local.global = local.modeJs === 'browser'","            ? window","            : global;","        switch (local.modeJs) {","        // re-init local from window.local","        case 'browser':","            local = local.global.utility2.objectSetDefault(","                local.global.utility2_rollup || local.global.local,","                local.global.utility2","            );","            break;","        // re-init local from example.js","        case 'node':","            local = (local.global.utility2_rollup || require('utility2'))","                .requireExampleJsFromReadme();","            break;","        }","        // export local","        local.global.local = local;","    }());","","","","    // run shared js-env code - function","    (function () {","        return;","    }());","    switch (local.modeJs) {","","","","    // run browser js-env code - function","    case 'browser':","        break;","","","","    // run node js-env code - function","    case 'node':","        break;","    }","","","","    // run shared js-env code - post-init","    (function () {","        return;","    }());","    switch (local.modeJs) {","","","","    // run browser js-env code - post-init","    case 'browser':","        local.testCase_browser_nullCase = local.testCase_browser_nullCase || function (","            options,","            onError","        ) {","        /*","         * this function will test browsers's null-case handling-behavior-behavior","         */","            onError(null, options);","        };","","        // run tests","        local.nop(local.modeTest &&","            document.querySelector('#testRunButton1') &&","            document.querySelector('#testRunButton1').click());","        break;","","","","    // run node js-env code - post-init","    /* istanbul ignore next */","    case 'node':","        local.testCase_buildApidoc_default = local.testCase_buildApidoc_default || function (","            options,","            onError","        ) {","        /*","         * this function will test buildApidoc's default handling-behavior-behavior","         */","            options = { modulePathList: module.paths };","            local.buildApidoc(options, onError);","        };","","        local.testCase_buildApp_default = local.testCase_buildApp_default || function (","            options,","            onError","        ) {","        /*","         * this function will test buildApp's default handling-behavior-behavior","         */","            local.testCase_buildReadme_default(options, local.onErrorThrow);","            local.testCase_buildLib_default(options, local.onErrorThrow);","            local.testCase_buildTest_default(options, local.onErrorThrow);","            local.testCase_buildCustomOrg_default(options, local.onErrorThrow);","            options = [];","            local.buildApp(options, onError);","        };","","        local.testCase_buildCustomOrg_default = local.testCase_buildCustomOrg_default ||","            function (options, onError) {","            /*","             * this function will test buildCustomOrg's default handling-behavior","             */","                options = {};","                local.buildCustomOrg(options, onError);","            };","","        local.testCase_buildLib_default = local.testCase_buildLib_default || function (","            options,","            onError","        ) {","        /*","         * this function will test buildLib's default handling-behavior","         */","            options = {};","            local.buildLib(options, onError);","        };","","        local.testCase_buildReadme_default = local.testCase_buildReadme_default || function (","            options,","            onError","        ) {","        /*","         * this function will test buildReadme's default handling-behavior-behavior","         */","            options = {};","            local.buildReadme(options, onError);","        };","","        local.testCase_buildTest_default = local.testCase_buildTest_default || function (","            options,","            onError","        ) {","        /*","         * this function will test buildTest's default handling-behavior","         */","            options = {};","            local.buildTest(options, onError);","        };","","        local.testCase_webpage_default = local.testCase_webpage_default || function (","            options,","            onError","        ) {","        /*","         * this function will test webpage's default handling-behavior","         */","            options = { modeCoverageMerge: true, url: local.serverLocalHost + '?modeTest=1' };","            local.browserTest(options, onError);","        };","","        // run test-server","        local.testRunServer(local);","        break;","    }","}());",""],"l":{"12":2,"14":2,"19":2,"21":2,"23":2,"24":2,"25":2,"30":1,"37":2,"40":2,"43":1,"47":1,"50":1,"52":1,"55":2,"61":2,"62":2,"64":2,"70":1,"76":1,"82":2,"83":2,"85":2,"91":1,"98":1,"102":1,"105":1,"112":1,"119":1,"120":1,"123":1,"130":1,"131":1,"132":1,"133":1,"134":1,"135":1,"138":1,"143":2,"144":2,"147":1,"154":2,"155":2,"158":1,"165":2,"166":2,"169":1,"176":2,"177":2,"180":1,"187":1,"188":1,"192":1,"193":1}},"/home/travis/build/npmtest/node-npmtest-koa-router/lib.npmtest_koa_router.js":{"path":"/home/travis/build/npmtest/node-npmtest-koa-router/lib.npmtest_koa_router.js","s":{"1":2,"2":2,"3":2,"4":2,"5":2,"6":2,"7":2,"8":1,"9":2,"10":2,"11":2,"12":2,"13":1,"14":1,"15":1,"16":1},"b":{"1":[2,1,1,1],"2":[1,1,1,1],"3":[1,1],"4":[2,2],"5":[1,1]},"f":{"1":2,"2":2,"3":2},"fnMap":{"1":{"name":"(anonymous_1)","line":12,"loc":{"start":{"line":12,"column":1},"end":{"line":12,"column":13}}},"2":{"name":"(anonymous_2)","line":19,"loc":{"start":{"line":19,"column":5},"end":{"line":19,"column":17}}},"3":{"name":"(anonymous_3)","line":23,"loc":{"start":{"line":23,"column":24},"end":{"line":23,"column":36}}}},"statementMap":{"1":{"start":{"line":12,"column":0},"end":{"line":53,"column":5}},"2":{"start":{"line":14,"column":4},"end":{"line":14,"column":14}},"3":{"start":{"line":19,"column":4},"end":{"line":52,"column":9}},"4":{"start":{"line":21,"column":8},"end":{"line":21,"column":19}},"5":{"start":{"line":23,"column":8},"end":{"line":35,"column":13}},"6":{"start":{"line":24,"column":12},"end":{"line":34,"column":13}},"7":{"start":{"line":25,"column":16},"end":{"line":28,"column":30}},"8":{"start":{"line":30,"column":16},"end":{"line":33,"column":27}},"9":{"start":{"line":37,"column":8},"end":{"line":39,"column":21}},"10":{"start":{"line":41,"column":8},"end":{"line":41,"column":54}},"11":{"start":{"line":43,"column":8},"end":{"line":43,"column":55}},"12":{"start":{"line":45,"column":8},"end":{"line":51,"column":9}},"13":{"start":{"line":46,"column":12},"end":{"line":46,"column":61}},"14":{"start":{"line":48,"column":12},"end":{"line":48,"column":35}},"15":{"start":{"line":49,"column":12},"end":{"line":49,"column":49}},"16":{"start":{"line":50,"column":12},"end":{"line":50,"column":43}}},"branchMap":{"1":{"line":25,"type":"binary-expr","locations":[{"start":{"line":25,"column":23},"end":{"line":25,"column":62}},{"start":{"line":26,"column":20},"end":{"line":26,"column":70}},{"start":{"line":27,"column":20},"end":{"line":27,"column":71}},{"start":{"line":28,"column":20},"end":{"line":28,"column":29}}]},"2":{"line":30,"type":"binary-expr","locations":[{"start":{"line":30,"column":23},"end":{"line":30,"column":37}},{"start":{"line":31,"column":20},"end":{"line":31,"column":61}},{"start":{"line":32,"column":20},"end":{"line":32,"column":70}},{"start":{"line":33,"column":20},"end":{"line":33,"column":26}}]},"3":{"line":37,"type":"cond-expr","locations":[{"start":{"line":38,"column":14},"end":{"line":38,"column":20}},{"start":{"line":39,"column":14},"end":{"line":39,"column":20}}]},"4":{"line":41,"type":"binary-expr","locations":[{"start":{"line":41,"column":16},"end":{"line":41,"column":44}},{"start":{"line":41,"column":48},"end":{"line":41,"column":53}}]},"5":{"line":45,"type":"if","locations":[{"start":{"line":45,"column":8},"end":{"line":45,"column":8}},{"start":{"line":45,"column":8},"end":{"line":45,"column":8}}]}},"code":["/* istanbul instrument in package npmtest_koa_router */","/*jslint","    bitwise: true,","    browser: true,","    maxerr: 8,","    maxlen: 96,","    node: true,","    nomen: true,","    regexp: true,","    stupid: true","*/","(function () {","    'use strict';","    var local;","","","","    // run shared js-env code - pre-init","    (function () {","        // init local","        local = {};","        // init modeJs","        local.modeJs = (function () {","            try {","                return typeof navigator.userAgent === 'string' &&","                    typeof document.querySelector('body') === 'object' &&","                    typeof XMLHttpRequest.prototype.open === 'function' &&","                    'browser';","            } catch (errorCaughtBrowser) {","                return module.exports &&","                    typeof process.versions.node === 'string' &&","                    typeof require('http').createServer === 'function' &&","                    'node';","            }","        }());","        // init global","        local.global = local.modeJs === 'browser'","            ? window","            : global;","        // init utility2_rollup","        local = local.global.utility2_rollup || local;","        // init lib","        local.local = local.npmtest_koa_router = local;","        // init exports","        if (local.modeJs === 'browser') {","            local.global.utility2_npmtest_koa_router = local;","        } else {","            module.exports = local;","            module.exports.__dirname = __dirname;","            module.exports.module = module;","        }","    }());","}());",""],"l":{"12":2,"14":2,"19":2,"21":2,"23":2,"24":2,"25":2,"30":1,"37":2,"41":2,"43":2,"45":2,"46":1,"48":1,"49":1,"50":1}},"/home/travis/build/npmtest/node-npmtest-koa-router/example.js":{"path":"/home/travis/build/npmtest/node-npmtest-koa-router/example.js","s":{"1":2,"2":2,"3":2,"4":2,"5":2,"6":2,"7":2,"8":1,"9":2,"10":2,"11":2,"12":2,"13":1,"14":2,"15":2,"16":2,"17":2,"18":2,"19":0,"20":2,"21":1,"22":1,"23":1,"24":1,"25":1,"26":0,"27":0,"28":1,"29":1,"30":2,"31":0,"32":0,"33":0,"34":1,"35":2,"36":2,"37":3,"38":3,"39":3,"40":3,"41":0,"42":3,"43":3,"44":3,"45":1,"46":3,"47":1,"48":1,"49":1,"50":1,"51":1,"52":1,"53":1,"54":1,"55":1,"56":1,"57":0,"58":1,"59":6,"60":6,"61":1,"62":2,"63":0,"64":2,"65":1,"66":1,"67":0,"68":0,"69":0,"70":0,"71":0,"72":0,"73":0,"74":0,"75":0,"76":0,"77":0,"78":0,"79":0,"80":0,"81":0,"82":0,"83":0},"b":{"1":[2,1,1,1],"2":[1,1,1,1],"3":[1,1],"4":[2,2],"5":[1,1],"6":[1,1],"7":[2,0],"8":[2,1,1,1,1,1],"9":[0,2,0],"10":[1,1],"11":[2,1,1],"12":[1,0],"13":[0,2],"14":[2,0,0,0,0,0,0],"15":[0,3],"16":[3,0],"17":[1,1],"18":[0,1],"19":[1,2,0,2],"20":[1,0],"21":[1,1],"22":[0,0],"23":[0,0],"24":[0,0],"25":[0,0],"26":[0,0],"27":[0,0],"28":[0,0]},"f":{"1":2,"2":2,"3":2,"4":2,"5":2,"6":2,"7":3,"8":3,"9":3,"10":1,"11":6,"12":0},"fnMap":{"1":{"name":"(anonymous_1)","line":26,"loc":{"start":{"line":26,"column":1},"end":{"line":26,"column":13}}},"2":{"name":"(anonymous_2)","line":33,"loc":{"start":{"line":33,"column":5},"end":{"line":33,"column":17}}},"3":{"name":"(anonymous_3)","line":37,"loc":{"start":{"line":37,"column":24},"end":{"line":37,"column":36}}},"4":{"name":"(anonymous_4)","line":69,"loc":{"start":{"line":69,"column":31},"end":{"line":69,"column":48}},"skip":true},"5":{"name":"(anonymous_5)","line":78,"loc":{"start":{"line":78,"column":26},"end":{"line":78,"column":45}},"skip":true},"6":{"name":"(anonymous_6)","line":123,"loc":{"start":{"line":123,"column":33},"end":{"line":123,"column":48}},"skip":true},"7":{"name":"(anonymous_7)","line":125,"loc":{"start":{"line":125,"column":27},"end":{"line":125,"column":39}},"skip":true},"8":{"name":"(anonymous_8)","line":133,"loc":{"start":{"line":133,"column":59},"end":{"line":133,"column":74}},"skip":true},"9":{"name":"(anonymous_9)","line":143,"loc":{"start":{"line":143,"column":45},"end":{"line":143,"column":62}},"skip":true},"10":{"name":"(anonymous_10)","line":144,"loc":{"start":{"line":144,"column":73},"end":{"line":144,"column":92}},"skip":true},"11":{"name":"(anonymous_11)","line":272,"loc":{"start":{"line":272,"column":51},"end":{"line":272,"column":77}},"skip":true},"12":{"name":"(anonymous_12)","line":315,"loc":{"start":{"line":315,"column":32},"end":{"line":315,"column":61}},"skip":true}},"statementMap":{"1":{"start":{"line":26,"column":0},"end":{"line":326,"column":5}},"2":{"start":{"line":28,"column":4},"end":{"line":28,"column":14}},"3":{"start":{"line":33,"column":4},"end":{"line":60,"column":9}},"4":{"start":{"line":35,"column":8},"end":{"line":35,"column":19}},"5":{"start":{"line":37,"column":8},"end":{"line":49,"column":13}},"6":{"start":{"line":38,"column":12},"end":{"line":48,"column":13}},"7":{"start":{"line":39,"column":16},"end":{"line":42,"column":30}},"8":{"start":{"line":44,"column":16},"end":{"line":47,"column":27}},"9":{"start":{"line":51,"column":8},"end":{"line":53,"column":21}},"10":{"start":{"line":55,"column":8},"end":{"line":57,"column":45}},"11":{"start":{"line":59,"column":8},"end":{"line":59,"column":35}},"12":{"start":{"line":61,"column":4},"end":{"line":325,"column":5}},"13":{"start":{"line":69,"column":8},"end":{"line":121,"column":10},"skip":true},"14":{"start":{"line":70,"column":12},"end":{"line":88,"column":13},"skip":true},"15":{"start":{"line":76,"column":16},"end":{"line":87,"column":19},"skip":true},"16":{"start":{"line":79,"column":20},"end":{"line":86,"column":21},"skip":true},"17":{"start":{"line":82,"column":24},"end":{"line":82,"column":43},"skip":true},"18":{"start":{"line":83,"column":24},"end":{"line":83,"column":30},"skip":true},"19":{"start":{"line":85,"column":24},"end":{"line":85,"column":49},"skip":true},"20":{"start":{"line":89,"column":12},"end":{"line":107,"column":13},"skip":true},"21":{"start":{"line":92,"column":16},"end":{"line":102,"column":17},"skip":true},"22":{"start":{"line":93,"column":20},"end":{"line":93,"column":86},"skip":true},"23":{"start":{"line":94,"column":20},"end":{"line":95,"column":45},"skip":true},"24":{"start":{"line":96,"column":20},"end":{"line":96,"column":42},"skip":true},"25":{"start":{"line":97,"column":20},"end":{"line":97,"column":48},"skip":true},"26":{"start":{"line":100,"column":20},"end":{"line":100,"column":85},"skip":true},"27":{"start":{"line":101,"column":20},"end":{"line":101,"column":96},"skip":true},"28":{"start":{"line":103,"column":16},"end":{"line":103,"column":22},"skip":true},"29":{"start":{"line":106,"column":16},"end":{"line":106,"column":22},"skip":true},"30":{"start":{"line":108,"column":12},"end":{"line":120,"column":13},"skip":true},"31":{"start":{"line":114,"column":16},"end":{"line":119,"column":17},"skip":true},"32":{"start":{"line":116,"column":20},"end":{"line":116,"column":78},"skip":true},"33":{"start":{"line":118,"column":20},"end":{"line":118,"column":47},"skip":true},"34":{"start":{"line":123,"column":8},"end":{"line":141,"column":11},"skip":true},"35":{"start":{"line":124,"column":12},"end":{"line":124,"column":54},"skip":true},"36":{"start":{"line":125,"column":12},"end":{"line":140,"column":14},"skip":true},"37":{"start":{"line":126,"column":16},"end":{"line":126,"column":28},"skip":true},"38":{"start":{"line":127,"column":16},"end":{"line":127,"column":69},"skip":true},"39":{"start":{"line":128,"column":16},"end":{"line":128,"column":75},"skip":true},"40":{"start":{"line":129,"column":16},"end":{"line":131,"column":17},"skip":true},"41":{"start":{"line":130,"column":20},"end":{"line":130,"column":27},"skip":true},"42":{"start":{"line":133,"column":16},"end":{"line":137,"column":36},"skip":true},"43":{"start":{"line":134,"column":20},"end":{"line":136,"column":55},"skip":true},"44":{"start":{"line":139,"column":16},"end":{"line":139,"column":57},"skip":true},"45":{"start":{"line":143,"column":8},"end":{"line":147,"column":11},"skip":true},"46":{"start":{"line":144,"column":12},"end":{"line":146,"column":15},"skip":true},"47":{"start":{"line":145,"column":16},"end":{"line":145,"column":70},"skip":true},"48":{"start":{"line":149,"column":8},"end":{"line":149,"column":31},"skip":true},"49":{"start":{"line":150,"column":8},"end":{"line":150,"column":14},"skip":true},"50":{"start":{"line":158,"column":8},"end":{"line":158,"column":31},"skip":true},"51":{"start":{"line":160,"column":8},"end":{"line":160,"column":33},"skip":true},"52":{"start":{"line":161,"column":8},"end":{"line":161,"column":37},"skip":true},"53":{"start":{"line":162,"column":8},"end":{"line":162,"column":35},"skip":true},"54":{"start":{"line":164,"column":8},"end":{"line":164,"column":50},"skip":true},"55":{"start":{"line":166,"column":8},"end":{"line":256,"column":2},"skip":true},"56":{"start":{"line":258,"column":8},"end":{"line":286,"column":9},"skip":true},"57":{"start":{"line":259,"column":12},"end":{"line":269,"column":14},"skip":true},"58":{"start":{"line":271,"column":12},"end":{"line":285,"column":19},"skip":true},"59":{"start":{"line":274,"column":20},"end":{"line":274,"column":35},"skip":true},"60":{"start":{"line":275,"column":20},"end":{"line":284,"column":21},"skip":true},"61":{"start":{"line":277,"column":24},"end":{"line":277,"column":64},"skip":true},"62":{"start":{"line":279,"column":24},"end":{"line":279,"column":40},"skip":true},"63":{"start":{"line":281,"column":24},"end":{"line":281,"column":40},"skip":true},"64":{"start":{"line":283,"column":24},"end":{"line":283,"column":39},"skip":true},"65":{"start":{"line":288,"column":8},"end":{"line":290,"column":9},"skip":true},"66":{"start":{"line":289,"column":12},"end":{"line":289,"column":18},"skip":true},"67":{"start":{"line":291,"column":8},"end":{"line":293,"column":54},"skip":true},"68":{"start":{"line":296,"column":8},"end":{"line":301,"column":37},"skip":true},"69":{"start":{"line":303,"column":8},"end":{"line":303,"column":82},"skip":true},"70":{"start":{"line":306,"column":8},"end":{"line":308,"column":9},"skip":true},"71":{"start":{"line":307,"column":12},"end":{"line":307,"column":82},"skip":true},"72":{"start":{"line":310,"column":8},"end":{"line":312,"column":9},"skip":true},"73":{"start":{"line":311,"column":12},"end":{"line":311,"column":18},"skip":true},"74":{"start":{"line":313,"column":8},"end":{"line":313,"column":54},"skip":true},"75":{"start":{"line":314,"column":8},"end":{"line":314,"column":69},"skip":true},"76":{"start":{"line":315,"column":8},"end":{"line":323,"column":36},"skip":true},"77":{"start":{"line":316,"column":12},"end":{"line":316,"column":61},"skip":true},"78":{"start":{"line":317,"column":12},"end":{"line":320,"column":13},"skip":true},"79":{"start":{"line":318,"column":16},"end":{"line":318,"column":75},"skip":true},"80":{"start":{"line":319,"column":16},"end":{"line":319,"column":23},"skip":true},"81":{"start":{"line":321,"column":12},"end":{"line":321,"column":38},"skip":true},"82":{"start":{"line":322,"column":12},"end":{"line":322,"column":27},"skip":true},"83":{"start":{"line":324,"column":8},"end":{"line":324,"column":14},"skip":true}},"branchMap":{"1":{"line":39,"type":"binary-expr","locations":[{"start":{"line":39,"column":23},"end":{"line":39,"column":62}},{"start":{"line":40,"column":20},"end":{"line":40,"column":70}},{"start":{"line":41,"column":20},"end":{"line":41,"column":71}},{"start":{"line":42,"column":20},"end":{"line":42,"column":29}}]},"2":{"line":44,"type":"binary-expr","locations":[{"start":{"line":44,"column":23},"end":{"line":44,"column":37}},{"start":{"line":45,"column":20},"end":{"line":45,"column":61}},{"start":{"line":46,"column":20},"end":{"line":46,"column":70}},{"start":{"line":47,"column":20},"end":{"line":47,"column":26}}]},"3":{"line":51,"type":"cond-expr","locations":[{"start":{"line":52,"column":14},"end":{"line":52,"column":20}},{"start":{"line":53,"column":14},"end":{"line":53,"column":20}}]},"4":{"line":55,"type":"binary-expr","locations":[{"start":{"line":55,"column":16},"end":{"line":55,"column":44}},{"start":{"line":55,"column":49},"end":{"line":57,"column":43}}]},"5":{"line":55,"type":"cond-expr","locations":[{"start":{"line":56,"column":14},"end":{"line":56,"column":54}},{"start":{"line":57,"column":14},"end":{"line":57,"column":43}}]},"6":{"line":61,"type":"switch","locations":[{"start":{"line":68,"column":4},"end":{"line":150,"column":14},"skip":true},{"start":{"line":156,"column":4},"end":{"line":324,"column":14},"skip":true}]},"7":{"line":70,"type":"if","locations":[{"start":{"line":70,"column":12},"end":{"line":70,"column":12},"skip":true},{"start":{"line":70,"column":12},"end":{"line":70,"column":12},"skip":true}]},"8":{"line":70,"type":"binary-expr","locations":[{"start":{"line":70,"column":16},"end":{"line":70,"column":22},"skip":true},{"start":{"line":70,"column":27},"end":{"line":70,"column":32},"skip":true},{"start":{"line":71,"column":20},"end":{"line":71,"column":39},"skip":true},{"start":{"line":72,"column":20},"end":{"line":72,"column":49},"skip":true},{"start":{"line":73,"column":20},"end":{"line":73,"column":58},"skip":true},{"start":{"line":74,"column":20},"end":{"line":74,"column":69},"skip":true}]},"9":{"line":79,"type":"switch","locations":[{"start":{"line":80,"column":20},"end":{"line":80,"column":33},"skip":true},{"start":{"line":81,"column":20},"end":{"line":83,"column":30},"skip":true},{"start":{"line":84,"column":20},"end":{"line":85,"column":49},"skip":true}]},"10":{"line":89,"type":"switch","locations":[{"start":{"line":90,"column":12},"end":{"line":103,"column":22},"skip":true},{"start":{"line":105,"column":12},"end":{"line":106,"column":22},"skip":true}]},"11":{"line":89,"type":"binary-expr","locations":[{"start":{"line":89,"column":20},"end":{"line":89,"column":25},"skip":true},{"start":{"line":89,"column":29},"end":{"line":89,"column":48},"skip":true},{"start":{"line":89,"column":52},"end":{"line":89,"column":74},"skip":true}]},"12":{"line":92,"type":"if","locations":[{"start":{"line":92,"column":16},"end":{"line":92,"column":16},"skip":true},{"start":{"line":92,"column":16},"end":{"line":92,"column":16},"skip":true}]},"13":{"line":108,"type":"if","locations":[{"start":{"line":108,"column":12},"end":{"line":108,"column":12},"skip":true},{"start":{"line":108,"column":12},"end":{"line":108,"column":12},"skip":true}]},"14":{"line":108,"type":"binary-expr","locations":[{"start":{"line":108,"column":16},"end":{"line":108,"column":61},"skip":true},{"start":{"line":108,"column":66},"end":{"line":108,"column":72},"skip":true},{"start":{"line":108,"column":77},"end":{"line":108,"column":82},"skip":true},{"start":{"line":109,"column":20},"end":{"line":109,"column":39},"skip":true},{"start":{"line":110,"column":20},"end":{"line":110,"column":49},"skip":true},{"start":{"line":111,"column":20},"end":{"line":111,"column":58},"skip":true},{"start":{"line":112,"column":20},"end":{"line":112,"column":68},"skip":true}]},"15":{"line":129,"type":"if","locations":[{"start":{"line":129,"column":16},"end":{"line":129,"column":16},"skip":true},{"start":{"line":129,"column":16},"end":{"line":129,"column":16},"skip":true}]},"16":{"line":134,"type":"cond-expr","locations":[{"start":{"line":135,"column":26},"end":{"line":135,"column":29},"skip":true},{"start":{"line":136,"column":26},"end":{"line":136,"column":54},"skip":true}]},"17":{"line":164,"type":"binary-expr","locations":[{"start":{"line":164,"column":27},"end":{"line":164,"column":43},"skip":true},{"start":{"line":164,"column":47},"end":{"line":164,"column":49},"skip":true}]},"18":{"line":258,"type":"if","locations":[{"start":{"line":258,"column":8},"end":{"line":258,"column":8},"skip":true},{"start":{"line":258,"column":8},"end":{"line":258,"column":8},"skip":true}]},"19":{"line":275,"type":"switch","locations":[{"start":{"line":276,"column":20},"end":{"line":277,"column":64},"skip":true},{"start":{"line":278,"column":20},"end":{"line":279,"column":40},"skip":true},{"start":{"line":280,"column":20},"end":{"line":281,"column":40},"skip":true},{"start":{"line":282,"column":20},"end":{"line":283,"column":39},"skip":true}]},"20":{"line":288,"type":"if","locations":[{"start":{"line":288,"column":8},"end":{"line":288,"column":8},"skip":true},{"start":{"line":288,"column":8},"end":{"line":288,"column":8},"skip":true}]},"21":{"line":288,"type":"binary-expr","locations":[{"start":{"line":288,"column":12},"end":{"line":288,"column":40},"skip":true},{"start":{"line":288,"column":44},"end":{"line":288,"column":67},"skip":true}]},"22":{"line":292,"type":"binary-expr","locations":[{"start":{"line":292,"column":12},"end":{"line":292,"column":50},"skip":true},{"start":{"line":293,"column":12},"end":{"line":293,"column":53},"skip":true}]},"23":{"line":297,"type":"binary-expr","locations":[{"start":{"line":297,"column":12},"end":{"line":297,"column":68},"skip":true},{"start":{"line":298,"column":12},"end":{"line":301,"column":36},"skip":true}]},"24":{"line":303,"type":"binary-expr","locations":[{"start":{"line":303,"column":43},"end":{"line":303,"column":75},"skip":true},{"start":{"line":303,"column":79},"end":{"line":303,"column":81},"skip":true}]},"25":{"line":306,"type":"if","locations":[{"start":{"line":306,"column":8},"end":{"line":306,"column":8},"skip":true},{"start":{"line":306,"column":8},"end":{"line":306,"column":8},"skip":true}]},"26":{"line":310,"type":"if","locations":[{"start":{"line":310,"column":8},"end":{"line":310,"column":8},"skip":true},{"start":{"line":310,"column":8},"end":{"line":310,"column":8},"skip":true}]},"27":{"line":313,"type":"binary-expr","locations":[{"start":{"line":313,"column":27},"end":{"line":313,"column":43},"skip":true},{"start":{"line":313,"column":47},"end":{"line":313,"column":53},"skip":true}]},"28":{"line":317,"type":"if","locations":[{"start":{"line":317,"column":12},"end":{"line":317,"column":12},"skip":true},{"start":{"line":317,"column":12},"end":{"line":317,"column":12},"skip":true}]}},"code":["/*","example.js","","quickstart example","","instruction","    1. save this script as example.js","    2. run the shell command:","        $ npm install npmtest-koa-router && PORT=8081 node example.js","    3. play with the browser-demo on http://127.0.0.1:8081","*/","","","","/* istanbul instrument in package npmtest_koa_router */","/*jslint","    bitwise: true,","    browser: true,","    maxerr: 8,","    maxlen: 96,","    node: true,","    nomen: true,","    regexp: true,","    stupid: true","*/","(function () {","    'use strict';","    var local;","","","","    // run shared js-env code - pre-init","    (function () {","        // init local","        local = {};","        // init modeJs","        local.modeJs = (function () {","            try {","                return typeof navigator.userAgent === 'string' &&","                    typeof document.querySelector('body') === 'object' &&","                    typeof XMLHttpRequest.prototype.open === 'function' &&","                    'browser';","            } catch (errorCaughtBrowser) {","                return module.exports &&","                    typeof process.versions.node === 'string' &&","                    typeof require('http').createServer === 'function' &&","                    'node';","            }","        }());","        // init global","        local.global = local.modeJs === 'browser'","            ? window","            : global;","        // init utility2_rollup","        local = local.global.utility2_rollup || (local.modeJs === 'browser'","            ? local.global.utility2_npmtest_koa_router","            : global.utility2_moduleExports);","        // export local","        local.global.local = local;","    }());","    switch (local.modeJs) {","","","","    // post-init","    // run browser js-env code - post-init","    /* istanbul ignore next */","    case 'browser':","        local.testRunBrowser = function (event) {","            if (!event || (event &&","                    event.currentTarget &&","                    event.currentTarget.className &&","                    event.currentTarget.className.includes &&","                    event.currentTarget.className.includes('onreset'))) {","                // reset output","                Array.from(","                    document.querySelectorAll('body > .resettable')","                ).forEach(function (element) {","                    switch (element.tagName) {","                    case 'INPUT':","                    case 'TEXTAREA':","                        element.value = '';","                        break;","                    default:","                        element.textContent = '';","                    }","                });","            }","            switch (event && event.currentTarget && event.currentTarget.id) {","            case 'testRunButton1':","                // show tests","                if (document.querySelector('#testReportDiv1').style.display === 'none') {","                    document.querySelector('#testReportDiv1').style.display = 'block';","                    document.querySelector('#testRunButton1').textContent =","                        'hide internal test';","                    local.modeTest = true;","                    local.testRunDefault(local);","                // hide tests","                } else {","                    document.querySelector('#testReportDiv1').style.display = 'none';","                    document.querySelector('#testRunButton1').textContent = 'run internal test';","                }","                break;","            // custom-case","            default:","                break;","            }","            if (document.querySelector('#inputTextareaEval1') && (!event || (event &&","                    event.currentTarget &&","                    event.currentTarget.className &&","                    event.currentTarget.className.includes &&","                    event.currentTarget.className.includes('oneval')))) {","                // try to eval input-code","                try {","                    /*jslint evil: true*/","                    eval(document.querySelector('#inputTextareaEval1').value);","                } catch (errorCaught) {","                    console.error(errorCaught);","                }","            }","        };","        // log stderr and stdout to #outputTextareaStdout1","        ['error', 'log'].forEach(function (key) {","            console[key + '_original'] = console[key];","            console[key] = function () {","                var element;","                console[key + '_original'].apply(console, arguments);","                element = document.querySelector('#outputTextareaStdout1');","                if (!element) {","                    return;","                }","                // append text to #outputTextareaStdout1","                element.value += Array.from(arguments).map(function (arg) {","                    return typeof arg === 'string'","                        ? arg","                        : JSON.stringify(arg, null, 4);","                }).join(' ') + '\\n';","                // scroll textarea to bottom","                element.scrollTop = element.scrollHeight;","            };","        });","        // init event-handling","        ['change', 'click', 'keyup'].forEach(function (event) {","            Array.from(document.querySelectorAll('.on' + event)).forEach(function (element) {","                element.addEventListener(event, local.testRunBrowser);","            });","        });","        // run tests","        local.testRunBrowser();","        break;","","","","    // run node js-env code - post-init","    /* istanbul ignore next */","    case 'node':","        // export local","        module.exports = local;","        // require modules","        local.fs = require('fs');","        local.http = require('http');","        local.url = require('url');","        // init assets","        local.assetsDict = local.assetsDict || {};","        /* jslint-ignore-begin */","        local.assetsDict['/assets.index.template.html'] = '\\","<!doctype html>\\n\\","<html lang=\"en\">\\n\\","<head>\\n\\","<meta charset=\"UTF-8\">\\n\\","<meta name=\"viewport\" content=\"width=device-width, initial-scale=1\">\\n\\","<title>{{env.npm_package_name}} (v{{env.npm_package_version}})</title>\\n\\","<style>\\n\\","/*csslint\\n\\","    box-sizing: false,\\n\\","    universal-selector: false\\n\\","*/\\n\\","* {\\n\\","    box-sizing: border-box;\\n\\","}\\n\\","body {\\n\\","    background: #dde;\\n\\","    font-family: Arial, Helvetica, sans-serif;\\n\\","    margin: 2rem;\\n\\","}\\n\\","body > * {\\n\\","    margin-bottom: 1rem;\\n\\","}\\n\\",".utility2FooterDiv {\\n\\","    margin-top: 20px;\\n\\","    text-align: center;\\n\\","}\\n\\","</style>\\n\\","<style>\\n\\","/*csslint\\n\\","*/\\n\\","textarea {\\n\\","    font-family: monospace;\\n\\","    height: 10rem;\\n\\","    width: 100%;\\n\\","}\\n\\","textarea[readonly] {\\n\\","    background: #ddd;\\n\\","}\\n\\","</style>\\n\\","</head>\\n\\","<body>\\n\\","<!-- utility2-comment\\n\\","<div id=\"ajaxProgressDiv1\" style=\"background: #d00; height: 2px; left: 0; margin: 0; padding: 0; position: fixed; top: 0; transition: background 0.5s, width 1.5s; width: 25%;\"></div>\\n\\","utility2-comment -->\\n\\","<h1>\\n\\","<!-- utility2-comment\\n\\","    <a\\n\\","        {{#if env.npm_package_homepage}}\\n\\","        href=\"{{env.npm_package_homepage}}\"\\n\\","        {{/if env.npm_package_homepage}}\\n\\","        target=\"_blank\"\\n\\","    >\\n\\","utility2-comment -->\\n\\","        {{env.npm_package_name}} (v{{env.npm_package_version}})\\n\\","<!-- utility2-comment\\n\\","    </a>\\n\\","utility2-comment -->\\n\\","</h1>\\n\\","<h3>{{env.npm_package_description}}</h3>\\n\\","<!-- utility2-comment\\n\\","<h4><a download href=\"assets.app.js\">download standalone app</a></h4>\\n\\","<button class=\"onclick onreset\" id=\"testRunButton1\">run internal test</button><br>\\n\\","<div id=\"testReportDiv1\" style=\"display: none;\"></div>\\n\\","utility2-comment -->\\n\\","\\n\\","\\n\\","\\n\\","<label>stderr and stdout</label>\\n\\","<textarea class=\"resettable\" id=\"outputTextareaStdout1\" readonly></textarea>\\n\\","<!-- utility2-comment\\n\\","{{#if isRollup}}\\n\\","<script src=\"assets.app.js\"></script>\\n\\","{{#unless isRollup}}\\n\\","utility2-comment -->\\n\\","<script src=\"assets.utility2.rollup.js\"></script>\\n\\","<script src=\"jsonp.utility2._stateInit?callback=window.utility2._stateInit\"></script>\\n\\","<script src=\"assets.npmtest_koa_router.rollup.js\"></script>\\n\\","<script src=\"assets.example.js\"></script>\\n\\","<script src=\"assets.test.js\"></script>\\n\\","<!-- utility2-comment\\n\\","{{/if isRollup}}\\n\\","utility2-comment -->\\n\\","<div class=\"utility2FooterDiv\">\\n\\","    [ this app was created with\\n\\","    <a href=\"https://github.com/kaizhu256/node-utility2\" target=\"_blank\">utility2</a>\\n\\","    ]\\n\\","</div>\\n\\","</body>\\n\\","</html>\\n\\","';","        /* jslint-ignore-end */","        if (local.templateRender) {","            local.assetsDict['/'] = local.templateRender(","                local.assetsDict['/assets.index.template.html'],","                {","                    env: local.objectSetDefault(local.env, {","                        npm_package_description: 'the greatest app in the world!',","                        npm_package_name: 'my-app',","                        npm_package_nameAlias: 'my_app',","                        npm_package_version: '0.0.1'","                    })","                }","            );","        } else {","            local.assetsDict['/'] = local.assetsDict['/assets.index.template.html']","                .replace((/\\{\\{env\\.(\\w+?)\\}\\}/g), function (match0, match1) {","                    // jslint-hack","                    String(match0);","                    switch (match1) {","                    case 'npm_package_description':","                        return 'the greatest app in the world!';","                    case 'npm_package_name':","                        return 'my-app';","                    case 'npm_package_nameAlias':","                        return 'my_app';","                    case 'npm_package_version':","                        return '0.0.1';","                    }","                });","        }","        // run the cli","        if (local.global.utility2_rollup || module !== require.main) {","            break;","        }","        local.assetsDict['/assets.example.js'] =","            local.assetsDict['/assets.example.js'] ||","            local.fs.readFileSync(__filename, 'utf8');","        // bug-workaround - long $npm_package_buildCustomOrg","        /* jslint-ignore-begin */","        local.assetsDict['/assets.npmtest_koa_router.rollup.js'] =","            local.assetsDict['/assets.npmtest_koa_router.rollup.js'] ||","            local.fs.readFileSync(","                local.npmtest_koa_router.__dirname + '/lib.npmtest_koa_router.js',","                'utf8'","            ).replace((/^#!/), '//');","        /* jslint-ignore-end */","        local.assetsDict['/favicon.ico'] = local.assetsDict['/favicon.ico'] || '';","        // if $npm_config_timeout_exit exists,","        // then exit this process after $npm_config_timeout_exit ms","        if (Number(process.env.npm_config_timeout_exit)) {","            setTimeout(process.exit, Number(process.env.npm_config_timeout_exit));","        }","        // start server","        if (local.global.utility2_serverHttp1) {","            break;","        }","        process.env.PORT = process.env.PORT || '8081';","        console.error('server starting on port ' + process.env.PORT);","        local.http.createServer(function (request, response) {","            request.urlParsed = local.url.parse(request.url);","            if (local.assetsDict[request.urlParsed.pathname] !== undefined) {","                response.end(local.assetsDict[request.urlParsed.pathname]);","                return;","            }","            response.statusCode = 404;","            response.end();","        }).listen(process.env.PORT);","        break;","    }","}());",""],"l":{"26":2,"28":2,"33":2,"35":2,"37":2,"38":2,"39":2,"44":1,"51":2,"55":2,"59":2,"61":2,"69":1,"70":2,"76":2,"79":2,"82":2,"83":2,"85":1,"89":2,"92":1,"93":1,"94":1,"96":1,"97":1,"100":1,"101":1,"103":1,"106":1,"108":2,"114":1,"116":1,"118":1,"123":1,"124":2,"125":2,"126":3,"127":3,"128":3,"129":3,"130":1,"133":3,"134":3,"139":3,"143":1,"144":3,"145":1,"149":1,"150":1,"158":1,"160":1,"161":1,"162":1,"164":1,"166":1,"258":1,"259":1,"271":1,"274":6,"275":6,"277":1,"279":2,"281":1,"283":2,"288":1,"289":1,"291":1,"296":1,"303":1,"306":1,"307":1,"310":1,"311":1,"313":1,"314":1,"315":1,"316":1,"317":1,"318":1,"319":1,"321":1,"322":1,"324":1}},"/home/travis/build/npmtest/node-npmtest-koa-router/node_modules/koa-router/lib/router.js":{"path":"/home/travis/build/npmtest/node-npmtest-koa-router/node_modules/koa-router/lib/router.js","s":{"1":1,"2":1,"3":1,"4":1,"5":1,"6":1,"7":1,"8":0,"9":0,"10":0,"11":0,"12":0,"13":0,"14":1,"15":33,"16":0,"17":0,"18":0,"19":0,"20":0,"21":0,"22":0,"23":0,"24":1,"25":1,"26":0,"27":0,"28":0,"29":0,"30":0,"31":0,"32":0,"33":0,"34":0,"35":0,"36":0,"37":0,"38":0,"39":0,"40":0,"41":0,"42":0,"43":0,"44":0,"45":0,"46":0,"47":0,"48":0,"49":1,"50":0,"51":0,"52":0,"53":0,"54":0,"55":1,"56":0,"57":0,"58":0,"59":0,"60":0,"61":0,"62":0,"63":0,"64":0,"65":0,"66":0,"67":0,"68":0,"69":0,"70":0,"71":0,"72":0,"73":0,"74":0,"75":0,"76":0,"77":0,"78":1,"79":0,"80":0,"81":0,"82":0,"83":0,"84":0,"85":0,"86":0,"87":0,"88":0,"89":0,"90":0,"91":0,"92":0,"93":0,"94":0,"95":0,"96":0,"97":0,"98":0,"99":0,"100":0,"101":0,"102":0,"103":0,"104":0,"105":0,"106":0,"107":0,"108":0,"109":0,"110":0,"111":1,"112":0,"113":0,"114":0,"115":0,"116":0,"117":0,"118":0,"119":0,"120":1,"121":0,"122":0,"123":0,"124":0,"125":0,"126":0,"127":0,"128":1,"129":0,"130":0,"131":0,"132":0,"133":0,"134":0,"135":0,"136":0,"137":0,"138":0,"139":0,"140":0,"141":0,"142":0,"143":1,"144":0,"145":0,"146":0,"147":0,"148":0,"149":1,"150":0,"151":0,"152":0,"153":0,"154":0,"155":1,"156":0,"157":0,"158":0,"159":0,"160":0,"161":0,"162":0,"163":0,"164":0,"165":0,"166":0,"167":0,"168":0,"169":1,"170":0,"171":0,"172":0,"173":0,"174":1,"175":0},"b":{"1":[0,0],"2":[0,0],"3":[0,0],"4":[0,0],"5":[0,0],"6":[0,0],"7":[0,0],"8":[0,0],"9":[0,0],"10":[0,0],"11":[0,0],"12":[0,0],"13":[0,0,0],"14":[0,0],"15":[0,0],"16":[0,0],"17":[0,0],"18":[0,0],"19":[0,0],"20":[0,0],"21":[0,0],"22":[0,0],"23":[0,0],"24":[0,0],"25":[0,0],"26":[0,0],"27":[0,0],"28":[0,0],"29":[0,0],"30":[0,0],"31":[0,0],"32":[0,0],"33":[0,0],"34":[0,0,0],"35":[0,0,0],"36":[0,0,0],"37":[0,0],"38":[0,0],"39":[0,0],"40":[0,0],"41":[0,0],"42":[0,0],"43":[0,0],"44":[0,0]},"f":{"1":0,"2":33,"3":0,"4":0,"5":0,"6":0,"7":0,"8":0,"9":0,"10":0,"11":0,"12":0,"13":0,"14":0,"15":0,"16":0,"17":0,"18":0,"19":0,"20":0,"21":0,"22":0,"23":0,"24":0,"25":0,"26":0,"27":0,"28":0,"29":0,"30":0,"31":0},"fnMap":{"1":{"name":"Router","line":44,"loc":{"start":{"line":44,"column":0},"end":{"line":44,"column":22}}},"2":{"name":"(anonymous_2)","line":177,"loc":{"start":{"line":177,"column":16},"end":{"line":177,"column":34}}},"3":{"name":"(anonymous_3)","line":178,"loc":{"start":{"line":178,"column":29},"end":{"line":178,"column":63}}},"4":{"name":"(anonymous_4)","line":230,"loc":{"start":{"line":230,"column":23},"end":{"line":230,"column":35}}},"5":{"name":"(anonymous_5)","line":237,"loc":{"start":{"line":237,"column":26},"end":{"line":237,"column":39}}},"6":{"name":"(anonymous_6)","line":249,"loc":{"start":{"line":249,"column":21},"end":{"line":249,"column":34}}},"7":{"name":"(anonymous_7)","line":251,"loc":{"start":{"line":251,"column":29},"end":{"line":251,"column":52}}},"8":{"name":"(anonymous_8)","line":258,"loc":{"start":{"line":258,"column":43},"end":{"line":258,"column":58}}},"9":{"name":"(anonymous_9)","line":283,"loc":{"start":{"line":283,"column":26},"end":{"line":283,"column":44}}},"10":{"name":"(anonymous_10)","line":288,"loc":{"start":{"line":288,"column":21},"end":{"line":288,"column":38}}},"11":{"name":"(anonymous_11)","line":301,"loc":{"start":{"line":301,"column":56},"end":{"line":301,"column":68}}},"12":{"name":"dispatch","line":304,"loc":{"start":{"line":304,"column":17},"end":{"line":304,"column":46}}},"13":{"name":"(anonymous_13)","line":322,"loc":{"start":{"line":322,"column":46},"end":{"line":322,"column":68}}},"14":{"name":"(anonymous_14)","line":323,"loc":{"start":{"line":323,"column":16},"end":{"line":323,"column":36}}},"15":{"name":"(anonymous_15)","line":361,"loc":{"start":{"line":361,"column":34},"end":{"line":361,"column":53}}},"16":{"name":"allowedMethods","line":365,"loc":{"start":{"line":365,"column":9},"end":{"line":365,"column":44}}},"17":{"name":"(anonymous_17)","line":366,"loc":{"start":{"line":366,"column":23},"end":{"line":366,"column":34}}},"18":{"name":"(anonymous_18)","line":370,"loc":{"start":{"line":370,"column":28},"end":{"line":370,"column":45}}},"19":{"name":"(anonymous_19)","line":371,"loc":{"start":{"line":371,"column":32},"end":{"line":371,"column":50}}},"20":{"name":"(anonymous_20)","line":426,"loc":{"start":{"line":426,"column":23},"end":{"line":426,"column":57}}},"21":{"name":"(anonymous_21)","line":468,"loc":{"start":{"line":468,"column":28},"end":{"line":468,"column":65}}},"22":{"name":"(anonymous_22)","line":479,"loc":{"start":{"line":479,"column":26},"end":{"line":479,"column":41}}},"23":{"name":"(anonymous_23)","line":495,"loc":{"start":{"line":495,"column":28},"end":{"line":495,"column":71}}},"24":{"name":"(anonymous_24)","line":503,"loc":{"start":{"line":503,"column":17},"end":{"line":503,"column":30}}},"25":{"name":"(anonymous_25)","line":525,"loc":{"start":{"line":525,"column":35},"end":{"line":525,"column":52}}},"26":{"name":"(anonymous_26)","line":541,"loc":{"start":{"line":541,"column":25},"end":{"line":541,"column":41}}},"27":{"name":"(anonymous_27)","line":573,"loc":{"start":{"line":573,"column":23},"end":{"line":573,"column":47}}},"28":{"name":"(anonymous_28)","line":594,"loc":{"start":{"line":594,"column":25},"end":{"line":594,"column":49}}},"29":{"name":"(anonymous_29)","line":651,"loc":{"start":{"line":651,"column":25},"end":{"line":651,"column":54}}},"30":{"name":"(anonymous_30)","line":653,"loc":{"start":{"line":653,"column":21},"end":{"line":653,"column":38}}},"31":{"name":"(anonymous_31)","line":673,"loc":{"start":{"line":673,"column":13},"end":{"line":673,"column":37}}}},"statementMap":{"1":{"start":{"line":8,"column":0},"end":{"line":8,"column":43}},"2":{"start":{"line":9,"column":0},"end":{"line":9,"column":37}},"3":{"start":{"line":10,"column":0},"end":{"line":10,"column":39}},"4":{"start":{"line":11,"column":0},"end":{"line":11,"column":33}},"5":{"start":{"line":12,"column":0},"end":{"line":12,"column":31}},"6":{"start":{"line":18,"column":0},"end":{"line":18,"column":24}},"7":{"start":{"line":44,"column":0},"end":{"line":62,"column":1}},"8":{"start":{"line":45,"column":2},"end":{"line":47,"column":3}},"9":{"start":{"line":46,"column":4},"end":{"line":46,"column":28}},"10":{"start":{"line":49,"column":2},"end":{"line":49,"column":25}},"11":{"start":{"line":50,"column":2},"end":{"line":58,"column":4}},"12":{"start":{"line":60,"column":2},"end":{"line":60,"column":19}},"13":{"start":{"line":61,"column":2},"end":{"line":61,"column":18}},"14":{"start":{"line":177,"column":0},"end":{"line":195,"column":3}},"15":{"start":{"line":178,"column":2},"end":{"line":194,"column":4}},"16":{"start":{"line":179,"column":4},"end":{"line":179,"column":19}},"17":{"start":{"line":181,"column":4},"end":{"line":187,"column":5}},"18":{"start":{"line":182,"column":6},"end":{"line":182,"column":60}},"19":{"start":{"line":184,"column":6},"end":{"line":184,"column":60}},"20":{"start":{"line":185,"column":6},"end":{"line":185,"column":18}},"21":{"start":{"line":186,"column":6},"end":{"line":186,"column":18}},"22":{"start":{"line":189,"column":4},"end":{"line":191,"column":7}},"23":{"start":{"line":193,"column":4},"end":{"line":193,"column":16}},"24":{"start":{"line":198,"column":0},"end":{"line":198,"column":50}},"25":{"start":{"line":230,"column":0},"end":{"line":268,"column":2}},"26":{"start":{"line":231,"column":2},"end":{"line":231,"column":20}},"27":{"start":{"line":232,"column":2},"end":{"line":232,"column":57}},"28":{"start":{"line":233,"column":2},"end":{"line":233,"column":20}},"29":{"start":{"line":236,"column":2},"end":{"line":242,"column":3}},"30":{"start":{"line":237,"column":4},"end":{"line":239,"column":7}},"31":{"start":{"line":238,"column":6},"end":{"line":238,"column":64}},"32":{"start":{"line":241,"column":4},"end":{"line":241,"column":16}},"33":{"start":{"line":244,"column":2},"end":{"line":244,"column":50}},"34":{"start":{"line":245,"column":2},"end":{"line":247,"column":3}},"35":{"start":{"line":246,"column":4},"end":{"line":246,"column":30}},"36":{"start":{"line":249,"column":2},"end":{"line":265,"column":5}},"37":{"start":{"line":250,"column":4},"end":{"line":264,"column":5}},"38":{"start":{"line":251,"column":6},"end":{"line":255,"column":9}},"39":{"start":{"line":252,"column":8},"end":{"line":252,"column":46}},"40":{"start":{"line":252,"column":18},"end":{"line":252,"column":46}},"41":{"start":{"line":253,"column":8},"end":{"line":253,"column":74}},"42":{"start":{"line":253,"column":32},"end":{"line":253,"column":74}},"43":{"start":{"line":254,"column":8},"end":{"line":254,"column":39}},"44":{"start":{"line":257,"column":6},"end":{"line":261,"column":7}},"45":{"start":{"line":258,"column":8},"end":{"line":260,"column":11}},"46":{"start":{"line":259,"column":10},"end":{"line":259,"column":50}},"47":{"start":{"line":263,"column":6},"end":{"line":263,"column":77}},"48":{"start":{"line":267,"column":2},"end":{"line":267,"column":14}},"49":{"start":{"line":283,"column":0},"end":{"line":293,"column":2}},"50":{"start":{"line":284,"column":2},"end":{"line":284,"column":37}},"51":{"start":{"line":286,"column":2},"end":{"line":286,"column":28}},"52":{"start":{"line":288,"column":2},"end":{"line":290,"column":5}},"53":{"start":{"line":289,"column":4},"end":{"line":289,"column":28}},"54":{"start":{"line":292,"column":2},"end":{"line":292,"column":14}},"55":{"start":{"line":301,"column":0},"end":{"line":337,"column":2}},"56":{"start":{"line":302,"column":2},"end":{"line":302,"column":20}},"57":{"start":{"line":304,"column":2},"end":{"line":332,"column":4}},"58":{"start":{"line":305,"column":4},"end":{"line":305,"column":41}},"59":{"start":{"line":307,"column":4},"end":{"line":307,"column":68}},"60":{"start":{"line":308,"column":4},"end":{"line":308,"column":49}},"61":{"start":{"line":309,"column":4},"end":{"line":309,"column":29}},"62":{"start":{"line":311,"column":4},"end":{"line":315,"column":5}},"63":{"start":{"line":312,"column":6},"end":{"line":312,"column":56}},"64":{"start":{"line":314,"column":6},"end":{"line":314,"column":33}},"65":{"start":{"line":317,"column":4},"end":{"line":317,"column":38}},"66":{"start":{"line":317,"column":24},"end":{"line":317,"column":38}},"67":{"start":{"line":319,"column":4},"end":{"line":319,"column":88}},"68":{"start":{"line":320,"column":4},"end":{"line":320,"column":41}},"69":{"start":{"line":322,"column":4},"end":{"line":329,"column":11}},"70":{"start":{"line":323,"column":6},"end":{"line":327,"column":9}},"71":{"start":{"line":324,"column":8},"end":{"line":324,"column":58}},"72":{"start":{"line":325,"column":8},"end":{"line":325,"column":66}},"73":{"start":{"line":326,"column":8},"end":{"line":326,"column":22}},"74":{"start":{"line":328,"column":6},"end":{"line":328,"column":38}},"75":{"start":{"line":331,"column":4},"end":{"line":331,"column":42}},"76":{"start":{"line":334,"column":2},"end":{"line":334,"column":25}},"77":{"start":{"line":336,"column":2},"end":{"line":336,"column":18}},"78":{"start":{"line":361,"column":0},"end":{"line":413,"column":2}},"79":{"start":{"line":362,"column":2},"end":{"line":362,"column":26}},"80":{"start":{"line":363,"column":2},"end":{"line":363,"column":33}},"81":{"start":{"line":365,"column":2},"end":{"line":412,"column":4}},"82":{"start":{"line":366,"column":4},"end":{"line":411,"column":7}},"83":{"start":{"line":367,"column":6},"end":{"line":367,"column":23}},"84":{"start":{"line":369,"column":6},"end":{"line":410,"column":7}},"85":{"start":{"line":370,"column":8},"end":{"line":374,"column":11}},"86":{"start":{"line":371,"column":10},"end":{"line":373,"column":13}},"87":{"start":{"line":372,"column":12},"end":{"line":372,"column":37}},"88":{"start":{"line":376,"column":8},"end":{"line":376,"column":46}},"89":{"start":{"line":378,"column":8},"end":{"line":409,"column":9}},"90":{"start":{"line":379,"column":10},"end":{"line":390,"column":11}},"91":{"start":{"line":380,"column":12},"end":{"line":380,"column":40}},"92":{"start":{"line":381,"column":12},"end":{"line":385,"column":13}},"93":{"start":{"line":382,"column":14},"end":{"line":382,"column":65}},"94":{"start":{"line":384,"column":14},"end":{"line":384,"column":71}},"95":{"start":{"line":386,"column":12},"end":{"line":386,"column":42}},"96":{"start":{"line":388,"column":12},"end":{"line":388,"column":29}},"97":{"start":{"line":389,"column":12},"end":{"line":389,"column":41}},"98":{"start":{"line":391,"column":15},"end":{"line":409,"column":9}},"99":{"start":{"line":392,"column":10},"end":{"line":408,"column":11}},"100":{"start":{"line":393,"column":12},"end":{"line":393,"column":29}},"101":{"start":{"line":394,"column":12},"end":{"line":394,"column":41}},"102":{"start":{"line":395,"column":17},"end":{"line":408,"column":11}},"103":{"start":{"line":396,"column":12},"end":{"line":407,"column":13}},"104":{"start":{"line":397,"column":14},"end":{"line":397,"column":38}},"105":{"start":{"line":398,"column":14},"end":{"line":402,"column":15}},"106":{"start":{"line":399,"column":16},"end":{"line":399,"column":65}},"107":{"start":{"line":401,"column":16},"end":{"line":401,"column":71}},"108":{"start":{"line":403,"column":14},"end":{"line":403,"column":40}},"109":{"start":{"line":405,"column":14},"end":{"line":405,"column":31}},"110":{"start":{"line":406,"column":14},"end":{"line":406,"column":43}},"111":{"start":{"line":426,"column":0},"end":{"line":442,"column":2}},"112":{"start":{"line":427,"column":2},"end":{"line":427,"column":17}},"113":{"start":{"line":429,"column":2},"end":{"line":435,"column":3}},"114":{"start":{"line":430,"column":4},"end":{"line":430,"column":58}},"115":{"start":{"line":432,"column":4},"end":{"line":432,"column":58}},"116":{"start":{"line":433,"column":4},"end":{"line":433,"column":16}},"117":{"start":{"line":434,"column":4},"end":{"line":434,"column":16}},"118":{"start":{"line":437,"column":2},"end":{"line":439,"column":5}},"119":{"start":{"line":441,"column":2},"end":{"line":441,"column":14}},"120":{"start":{"line":468,"column":0},"end":{"line":483,"column":2}},"121":{"start":{"line":470,"column":2},"end":{"line":472,"column":3}},"122":{"start":{"line":471,"column":4},"end":{"line":471,"column":30}},"123":{"start":{"line":475,"column":2},"end":{"line":477,"column":3}},"124":{"start":{"line":476,"column":4},"end":{"line":476,"column":40}},"125":{"start":{"line":479,"column":2},"end":{"line":482,"column":5}},"126":{"start":{"line":480,"column":4},"end":{"line":480,"column":30}},"127":{"start":{"line":481,"column":4},"end":{"line":481,"column":29}},"128":{"start":{"line":495,"column":0},"end":{"line":532,"column":2}},"129":{"start":{"line":496,"column":2},"end":{"line":496,"column":20}},"130":{"start":{"line":498,"column":2},"end":{"line":498,"column":20}},"131":{"start":{"line":499,"column":2},"end":{"line":499,"column":25}},"132":{"start":{"line":502,"column":2},"end":{"line":508,"column":3}},"133":{"start":{"line":503,"column":4},"end":{"line":505,"column":7}},"134":{"start":{"line":504,"column":6},"end":{"line":504,"column":65}},"135":{"start":{"line":507,"column":4},"end":{"line":507,"column":16}},"136":{"start":{"line":511,"column":2},"end":{"line":518,"column":5}},"137":{"start":{"line":520,"column":2},"end":{"line":522,"column":3}},"138":{"start":{"line":521,"column":4},"end":{"line":521,"column":38}},"139":{"start":{"line":525,"column":2},"end":{"line":527,"column":11}},"140":{"start":{"line":526,"column":4},"end":{"line":526,"column":43}},"141":{"start":{"line":529,"column":2},"end":{"line":529,"column":20}},"142":{"start":{"line":531,"column":2},"end":{"line":531,"column":15}},"143":{"start":{"line":541,"column":0},"end":{"line":551,"column":2}},"144":{"start":{"line":542,"column":2},"end":{"line":542,"column":26}},"145":{"start":{"line":544,"column":2},"end":{"line":548,"column":3}},"146":{"start":{"line":545,"column":4},"end":{"line":547,"column":5}},"147":{"start":{"line":546,"column":6},"end":{"line":546,"column":23}},"148":{"start":{"line":550,"column":2},"end":{"line":550,"column":15}},"149":{"start":{"line":573,"column":0},"end":{"line":582,"column":2}},"150":{"start":{"line":574,"column":2},"end":{"line":574,"column":31}},"151":{"start":{"line":576,"column":2},"end":{"line":579,"column":3}},"152":{"start":{"line":577,"column":4},"end":{"line":577,"column":56}},"153":{"start":{"line":578,"column":4},"end":{"line":578,"column":40}},"154":{"start":{"line":581,"column":2},"end":{"line":581,"column":55}},"155":{"start":{"line":594,"column":0},"end":{"line":619,"column":2}},"156":{"start":{"line":595,"column":2},"end":{"line":595,"column":26}},"157":{"start":{"line":596,"column":2},"end":{"line":596,"column":12}},"158":{"start":{"line":597,"column":2},"end":{"line":601,"column":4}},"159":{"start":{"line":603,"column":2},"end":{"line":616,"column":3}},"160":{"start":{"line":604,"column":4},"end":{"line":604,"column":22}},"161":{"start":{"line":606,"column":4},"end":{"line":606,"column":50}},"162":{"start":{"line":608,"column":4},"end":{"line":615,"column":5}},"163":{"start":{"line":609,"column":6},"end":{"line":609,"column":31}},"164":{"start":{"line":611,"column":6},"end":{"line":614,"column":7}},"165":{"start":{"line":612,"column":8},"end":{"line":612,"column":42}},"166":{"start":{"line":613,"column":8},"end":{"line":613,"column":55}},"167":{"start":{"line":613,"column":34},"end":{"line":613,"column":55}},"168":{"start":{"line":618,"column":2},"end":{"line":618,"column":17}},"169":{"start":{"line":651,"column":0},"end":{"line":657,"column":2}},"170":{"start":{"line":652,"column":2},"end":{"line":652,"column":34}},"171":{"start":{"line":653,"column":2},"end":{"line":655,"column":5}},"172":{"start":{"line":654,"column":4},"end":{"line":654,"column":35}},"173":{"start":{"line":656,"column":2},"end":{"line":656,"column":14}},"174":{"start":{"line":673,"column":0},"end":{"line":675,"column":2}},"175":{"start":{"line":674,"column":4},"end":{"line":674,"column":58}}},"branchMap":{"1":{"line":45,"type":"if","locations":[{"start":{"line":45,"column":2},"end":{"line":45,"column":2}},{"start":{"line":45,"column":2},"end":{"line":45,"column":2}}]},"2":{"line":49,"type":"binary-expr","locations":[{"start":{"line":49,"column":14},"end":{"line":49,"column":18}},{"start":{"line":49,"column":22},"end":{"line":49,"column":24}}]},"3":{"line":50,"type":"binary-expr","locations":[{"start":{"line":50,"column":17},"end":{"line":50,"column":34}},{"start":{"line":50,"column":38},"end":{"line":58,"column":3}}]},"4":{"line":181,"type":"if","locations":[{"start":{"line":181,"column":4},"end":{"line":181,"column":4}},{"start":{"line":181,"column":4},"end":{"line":181,"column":4}}]},"5":{"line":181,"type":"binary-expr","locations":[{"start":{"line":181,"column":8},"end":{"line":181,"column":32}},{"start":{"line":181,"column":36},"end":{"line":181,"column":58}}]},"6":{"line":236,"type":"if","locations":[{"start":{"line":236,"column":2},"end":{"line":236,"column":2}},{"start":{"line":236,"column":2},"end":{"line":236,"column":2}}]},"7":{"line":236,"type":"binary-expr","locations":[{"start":{"line":236,"column":6},"end":{"line":236,"column":34}},{"start":{"line":236,"column":38},"end":{"line":236,"column":74}}]},"8":{"line":245,"type":"if","locations":[{"start":{"line":245,"column":2},"end":{"line":245,"column":2}},{"start":{"line":245,"column":2},"end":{"line":245,"column":2}}]},"9":{"line":250,"type":"if","locations":[{"start":{"line":250,"column":4},"end":{"line":250,"column":4}},{"start":{"line":250,"column":4},"end":{"line":250,"column":4}}]},"10":{"line":252,"type":"if","locations":[{"start":{"line":252,"column":8},"end":{"line":252,"column":8}},{"start":{"line":252,"column":8},"end":{"line":252,"column":8}}]},"11":{"line":253,"type":"if","locations":[{"start":{"line":253,"column":8},"end":{"line":253,"column":8}},{"start":{"line":253,"column":8},"end":{"line":253,"column":8}}]},"12":{"line":257,"type":"if","locations":[{"start":{"line":257,"column":6},"end":{"line":257,"column":6}},{"start":{"line":257,"column":6},"end":{"line":257,"column":6}}]},"13":{"line":307,"type":"binary-expr","locations":[{"start":{"line":307,"column":15},"end":{"line":307,"column":37}},{"start":{"line":307,"column":41},"end":{"line":307,"column":55}},{"start":{"line":307,"column":59},"end":{"line":307,"column":67}}]},"14":{"line":311,"type":"if","locations":[{"start":{"line":311,"column":4},"end":{"line":311,"column":4}},{"start":{"line":311,"column":4},"end":{"line":311,"column":4}}]},"15":{"line":317,"type":"if","locations":[{"start":{"line":317,"column":4},"end":{"line":317,"column":4}},{"start":{"line":317,"column":4},"end":{"line":317,"column":4}}]},"16":{"line":362,"type":"binary-expr","locations":[{"start":{"line":362,"column":12},"end":{"line":362,"column":19}},{"start":{"line":362,"column":23},"end":{"line":362,"column":25}}]},"17":{"line":369,"type":"if","locations":[{"start":{"line":369,"column":6},"end":{"line":369,"column":6}},{"start":{"line":369,"column":6},"end":{"line":369,"column":6}}]},"18":{"line":369,"type":"binary-expr","locations":[{"start":{"line":369,"column":10},"end":{"line":369,"column":21}},{"start":{"line":369,"column":25},"end":{"line":369,"column":43}}]},"19":{"line":378,"type":"if","locations":[{"start":{"line":378,"column":8},"end":{"line":378,"column":8}},{"start":{"line":378,"column":8},"end":{"line":378,"column":8}}]},"20":{"line":379,"type":"if","locations":[{"start":{"line":379,"column":10},"end":{"line":379,"column":10}},{"start":{"line":379,"column":10},"end":{"line":379,"column":10}}]},"21":{"line":381,"type":"if","locations":[{"start":{"line":381,"column":12},"end":{"line":381,"column":12}},{"start":{"line":381,"column":12},"end":{"line":381,"column":12}}]},"22":{"line":391,"type":"if","locations":[{"start":{"line":391,"column":15},"end":{"line":391,"column":15}},{"start":{"line":391,"column":15},"end":{"line":391,"column":15}}]},"23":{"line":392,"type":"if","locations":[{"start":{"line":392,"column":10},"end":{"line":392,"column":10}},{"start":{"line":392,"column":10},"end":{"line":392,"column":10}}]},"24":{"line":395,"type":"if","locations":[{"start":{"line":395,"column":17},"end":{"line":395,"column":17}},{"start":{"line":395,"column":17},"end":{"line":395,"column":17}}]},"25":{"line":396,"type":"if","locations":[{"start":{"line":396,"column":12},"end":{"line":396,"column":12}},{"start":{"line":396,"column":12},"end":{"line":396,"column":12}}]},"26":{"line":398,"type":"if","locations":[{"start":{"line":398,"column":14},"end":{"line":398,"column":14}},{"start":{"line":398,"column":14},"end":{"line":398,"column":14}}]},"27":{"line":429,"type":"if","locations":[{"start":{"line":429,"column":2},"end":{"line":429,"column":2}},{"start":{"line":429,"column":2},"end":{"line":429,"column":2}}]},"28":{"line":470,"type":"if","locations":[{"start":{"line":470,"column":2},"end":{"line":470,"column":2}},{"start":{"line":470,"column":2},"end":{"line":470,"column":2}}]},"29":{"line":475,"type":"if","locations":[{"start":{"line":475,"column":2},"end":{"line":475,"column":2}},{"start":{"line":475,"column":2},"end":{"line":475,"column":2}}]},"30":{"line":481,"type":"binary-expr","locations":[{"start":{"line":481,"column":17},"end":{"line":481,"column":21}},{"start":{"line":481,"column":25},"end":{"line":481,"column":28}}]},"31":{"line":496,"type":"binary-expr","locations":[{"start":{"line":496,"column":9},"end":{"line":496,"column":13}},{"start":{"line":496,"column":17},"end":{"line":496,"column":19}}]},"32":{"line":502,"type":"if","locations":[{"start":{"line":502,"column":2},"end":{"line":502,"column":2}},{"start":{"line":502,"column":2},"end":{"line":502,"column":2}}]},"33":{"line":512,"type":"cond-expr","locations":[{"start":{"line":512,"column":30},"end":{"line":512,"column":38}},{"start":{"line":512,"column":41},"end":{"line":512,"column":45}}]},"34":{"line":514,"type":"binary-expr","locations":[{"start":{"line":514,"column":15},"end":{"line":514,"column":29}},{"start":{"line":514,"column":33},"end":{"line":514,"column":52}},{"start":{"line":514,"column":56},"end":{"line":514,"column":61}}]},"35":{"line":515,"type":"binary-expr","locations":[{"start":{"line":515,"column":12},"end":{"line":515,"column":23}},{"start":{"line":515,"column":27},"end":{"line":515,"column":43}},{"start":{"line":515,"column":47},"end":{"line":515,"column":52}}]},"36":{"line":516,"type":"binary-expr","locations":[{"start":{"line":516,"column":12},"end":{"line":516,"column":23}},{"start":{"line":516,"column":27},"end":{"line":516,"column":43}},{"start":{"line":516,"column":47},"end":{"line":516,"column":49}}]},"37":{"line":520,"type":"if","locations":[{"start":{"line":520,"column":2},"end":{"line":520,"column":2}},{"start":{"line":520,"column":2},"end":{"line":520,"column":2}}]},"38":{"line":545,"type":"if","locations":[{"start":{"line":545,"column":4},"end":{"line":545,"column":4}},{"start":{"line":545,"column":4},"end":{"line":545,"column":4}}]},"39":{"line":545,"type":"binary-expr","locations":[{"start":{"line":545,"column":8},"end":{"line":545,"column":22}},{"start":{"line":545,"column":26},"end":{"line":545,"column":49}}]},"40":{"line":576,"type":"if","locations":[{"start":{"line":576,"column":2},"end":{"line":576,"column":2}},{"start":{"line":576,"column":2},"end":{"line":576,"column":2}}]},"41":{"line":608,"type":"if","locations":[{"start":{"line":608,"column":4},"end":{"line":608,"column":4}},{"start":{"line":608,"column":4},"end":{"line":608,"column":4}}]},"42":{"line":611,"type":"if","locations":[{"start":{"line":611,"column":6},"end":{"line":611,"column":6}},{"start":{"line":611,"column":6},"end":{"line":611,"column":6}}]},"43":{"line":611,"type":"binary-expr","locations":[{"start":{"line":611,"column":10},"end":{"line":611,"column":36}},{"start":{"line":611,"column":40},"end":{"line":611,"column":70}}]},"44":{"line":613,"type":"if","locations":[{"start":{"line":613,"column":8},"end":{"line":613,"column":8}},{"start":{"line":613,"column":8},"end":{"line":613,"column":8}}]}},"code":["/**"," * RESTful resource routing middleware for koa."," *"," * @author Alex Mingoia <talk@alexmingoia.com>"," * @link https://github.com/alexmingoia/koa-router"," */","","var debug = require('debug')('koa-router');","var compose = require('koa-compose');","var HttpError = require('http-errors');","var methods = require('methods');","var Layer = require('./layer');","","/**"," * @module koa-router"," */","","module.exports = Router;","","/**"," * Create a new router."," *"," * @example"," *"," * Basic usage:"," *"," * ```javascript"," * var app = require('koa')();"," * var router = require('koa-router')();"," *"," * router.get('/', function (ctx, next) {...});"," *"," * app"," *   .use(router.routes())"," *   .use(router.allowedMethods());"," * ```"," *"," * @alias module:koa-router"," * @param {Object=} opts"," * @param {String=} opts.prefix prefix router paths"," * @constructor"," */","","function Router(opts) {","  if (!(this instanceof Router)) {","    return new Router(opts);","  }","","  this.opts = opts || {};","  this.methods = this.opts.methods || [","    'HEAD',","    'OPTIONS',","    'GET',","    'PUT',","    'PATCH',","    'POST',","    'DELETE'","  ];","","  this.params = {};","  this.stack = [];","};","","/**"," * Create `router.verb()` methods, where *verb* is one of the HTTP verbs such"," * as `router.get()` or `router.post()`."," *"," * Match URL patterns to callback functions or controller actions using `router.verb()`,"," * where **verb** is one of the HTTP verbs such as `router.get()` or `router.post()`."," *"," * ```javascript"," * router"," *   .get('/', function (ctx, next) {"," *     ctx.body = 'Hello World!';"," *   })"," *   .post('/users', function (ctx, next) {"," *     // ..."," *   })"," *   .put('/users/:id', function (ctx, next) {"," *     // ..."," *   })"," *   .del('/users/:id', function (ctx, next) {"," *     // ..."," *   });"," * ```"," *"," * Route paths will be translated to regular expressions using"," * [path-to-regexp](https://github.com/pillarjs/path-to-regexp)."," *"," * Query strings will not be considered when matching requests."," *"," * #### Named routes"," *"," * Routes can optionally have names. This allows generation of URLs and easy"," * renaming of URLs during development."," *"," * ```javascript"," * router.get('user', '/users/:id', function (ctx, next) {"," *  // ..."," * });"," *"," * router.url('user', 3);"," * // => \"/users/3\""," * ```"," *"," * #### Multiple middleware"," *"," * Multiple middleware may be given:"," *"," * ```javascript"," * router.get("," *   '/users/:id',"," *   function (ctx, next) {"," *     return User.findOne(ctx.params.id).then(function(user) {"," *       ctx.user = user;"," *       next();"," *     });"," *   },"," *   function (ctx) {"," *     console.log(ctx.user);"," *     // => { id: 17, name: \"Alex\" }"," *   }"," * );"," * ```"," *"," * ### Nested routers"," *"," * Nesting routers is supported:"," *"," * ```javascript"," * var forums = new Router();"," * var posts = new Router();"," *"," * posts.get('/', function (ctx, next) {...});"," * posts.get('/:pid', function (ctx, next) {...});"," * forums.use('/forums/:fid/posts', posts.routes(), posts.allowedMethods());"," *"," * // responds to \"/forums/123/posts\" and \"/forums/123/posts/123\""," * app.use(forums.routes());"," * ```"," *"," * #### Router prefixes"," *"," * Route paths can be prefixed at the router level:"," *"," * ```javascript"," * var router = new Router({"," *   prefix: '/users'"," * });"," *"," * router.get('/', ...); // responds to \"/users\""," * router.get('/:id', ...); // responds to \"/users/:id\""," * ```"," *"," * #### URL parameters"," *"," * Named route parameters are captured and added to `ctx.params`."," *"," * ```javascript"," * router.get('/:category/:title', function (ctx, next) {"," *   console.log(ctx.params);"," *   // => { category: 'programming', title: 'how-
[...]
"  var layer;","  var matched = {","    path: [],","    pathAndMethod: [],","    route: false","  };","","  for (var len = layers.length, i = 0; i < len; i++) {","    layer = layers[i];","","    debug('test %s %s', layer.path, layer.regexp);","","    if (layer.match(path)) {","      matched.path.push(layer);","","      if (layer.methods.length === 0 || ~layer.methods.indexOf(method)) {","        matched.pathAndMethod.push(layer);","        if (layer.methods.length) matched.route = true;","      }","    }","  }","","  return matched;","};","","/**"," * Run middleware for named route parameters. Useful for auto-loading or"," * validation."," *"," * @example"," *"," * ```javascript"," * router"," *   .param('user', function (id, ctx, next) {"," *     ctx.user = users[id];"," *     if (!ctx.user) return ctx.status = 404;"," *     return next();"," *   })"," *   .get('/users/:user', function (ctx) {"," *     ctx.body = ctx.user;"," *   })"," *   .get('/users/:user/friends', function (ctx) {"," *     return ctx.user.getFriends().then(function(friends) {"," *       ctx.body = friends;"," *     });"," *   })"," *   // /users/3 => {\"id\": 3, \"name\": \"Alex\"}"," *   // /users/3/friends => [{\"id\": 4, \"name\": \"TJ\"}]"," * ```"," *"," * @param {String} param"," * @param {Function} middleware"," * @returns {Router}"," */","","Router.prototype.param = function (param, middleware) {","  this.params[param] = middleware;","  this.stack.forEach(function (route) {","    route.param(param, middleware);","  });","  return this;","};","","/**"," * Generate URL from url pattern and given `params`."," *"," * @example"," *"," * ```javascript"," * var url = Router.url('/users/:id', {id: 1});"," * // => \"/users/1\""," * ```"," *"," * @param {String} path url pattern"," * @param {Object} params url parameters"," * @returns {String}"," */","Router.url = function (path, params) {","    return Layer.prototype.url.call({path: path}, params);","};",""],"l":{"8":1,"9":1,"10":1,"11":1,"12":1,"18":1,"44":1,"45":0,"46":0,"49":0,"50":0,"60":0,"61":0,"177":1,"178":33,"179":0,"181":0,"182":0,"184":0,"185":0,"186":0,"189":0,"193":0,"198":1,"230":1,"231":0,"232":0,"233":0,"236":0,"237":0,"238":0,"241":0,"244":0,"245":0,"246":0,"249":0,"250":0,"251":0,"252":0,"253":0,"254":0,"257":0,"258":0,"259":0,"263":0,"267":0,"283":1,"284":0,"286":0,"288":0,"289":0,"292":0,"301":1,"302":0,"304":0,"305":0,"307":0,"308":0,"309":0,"311":0,"312":0,"314":0,"317":0,"319":0,"320":0,"322":0,"323":0,"324":0,"325":0,"326":0,"328":0,"331":0,"334":0,"336":0,"361":1,"362":0,"363":0,"365":0,"366":0,"367":0,"369":0,"370":0,"371":0,"372":0,"376":0,"378":0,"379":0,"380":0,"381":0,"382":0,"384":0,"386":0,"388":0,"389":0,"391":0,"392":0,"393":0,"394":0,"395":0,"396":0,"397":0,"398":0,"399":0,"401":0,"403":0,"405":0,"406":0,"426":1,"427":0,"429":0,"430":0,"432":0,"433":0,"434":0,"437":0,"441":0,"468":1,"470":0,"471":0,"475":0,"476":0,"479":0,"480":0,"481":0,"495":1,"496":0,"498":0,"499":0,"502":0,"503":0,"504":0,"507":0,"511":0,"520":0,"521":0,"525":0,"526":0,"529":0,"531":0,"541":1,"542":0,"544":0,"545":0,"546":0,"550":0,"573":1,"574":0,"576":0,"577":0,"578":0,"581":0,"594":1,"595":0,"596":0,"597":0,"603":0,"604":0,"606":0,"608":0,"609":0,"611":0,"612":0,"613":0,"618":0,"651":1,"652":0,"653":0,"654":0,"656":0,"673":1,"674":0}},"/home/travis/build/npmtest/node-npmtest-koa-router/node_modules/koa-router/lib/layer.js":{"path":"/home/travis/build/npmtest/node-npmtest-koa-router/node_modules/koa-router/lib/layer.js","s":{"1":1,"2":1,"3":1,"4":1,"5":0,"6":0,"7":0,"8":0,"9":0,"10":0,"11":0,"12":0,"13":0,"14":0,"15":0,"16":0,"17":0,"18":0,"19":0,"20":0,"21":1,"22":0,"23":1,"24":0,"25":0,"26":0,"27":0,"28":0,"29":0,"30":1,"31":0,"32":0,"33":0,"34":1,"35":0,"36":0,"37":0,"38":0,"39":0,"40":0,"41":0,"42":0,"43":0,"44":0,"45":0,"46":0,"47":0,"48":1,"49":0,"50":0,"51":0,"52":0,"53":0,"54":0,"55":0,"56":0,"57":0,"58":0,"59":0,"60":0,"61":0,"62":0,"63":1,"64":0,"65":0,"66":0,"67":0,"68":0,"69":1,"70":0,"71":0,"72":0},"b":{"1":[0,0],"2":[0,0],"3":[0,0],"4":[0,0],"5":[0,0],"6":[0,0],"7":[0,0],"8":[0,0],"9":[0,0],"10":[0,0],"11":[0,0],"12":[0,0],"13":[0,0],"14":[0,0],"15":[0,0],"16":[0,0],"17":[0,0]},"f":{"1":0,"2":0,"3":0,"4":0,"5":0,"6":0,"7":0,"8":0,"9":0,"10":0,"11":0,"12":0,"13":0},"fnMap":{"1":{"name":"Layer","line":20,"loc":{"start":{"line":20,"column":0},"end":{"line":20,"column":48}}},"2":{"name":"(anonymous_2)","line":27,"loc":{"start":{"line":27,"column":18},"end":{"line":27,"column":35}}},"3":{"name":"(anonymous_3)","line":35,"loc":{"start":{"line":35,"column":21},"end":{"line":35,"column":34}}},"4":{"name":"(anonymous_4)","line":59,"loc":{"start":{"line":59,"column":24},"end":{"line":59,"column":40}}},"5":{"name":"(anonymous_5)","line":73,"loc":{"start":{"line":73,"column":25},"end":{"line":73,"column":67}}},"6":{"name":"(anonymous_6)","line":94,"loc":{"start":{"line":94,"column":27},"end":{"line":94,"column":43}}},"7":{"name":"(anonymous_7)","line":115,"loc":{"start":{"line":115,"column":22},"end":{"line":115,"column":40}}},"8":{"name":"(anonymous_8)","line":161,"loc":{"start":{"line":161,"column":24},"end":{"line":161,"column":45}}},"9":{"name":"(anonymous_9)","line":164,"loc":{"start":{"line":164,"column":19},"end":{"line":164,"column":40}}},"10":{"name":"(anonymous_10)","line":169,"loc":{"start":{"line":169,"column":25},"end":{"line":169,"column":38}}},"11":{"name":"(anonymous_11)","line":176,"loc":{"start":{"line":176,"column":15},"end":{"line":176,"column":32}}},"12":{"name":"(anonymous_12)","line":198,"loc":{"start":{"line":198,"column":28},"end":{"line":198,"column":46}}},"13":{"name":"safeDecodeURIComponent","line":217,"loc":{"start":{"line":217,"column":0},"end":{"line":217,"column":38}}}},"statementMap":{"1":{"start":{"line":1,"column":0},"end":{"line":1,"column":43}},"2":{"start":{"line":2,"column":0},"end":{"line":2,"column":45}},"3":{"start":{"line":4,"column":0},"end":{"line":4,"column":23}},"4":{"start":{"line":20,"column":0},"end":{"line":49,"column":1}},"5":{"start":{"line":21,"column":2},"end":{"line":21,"column":25}},"6":{"start":{"line":22,"column":2},"end":{"line":22,"column":37}},"7":{"start":{"line":23,"column":2},"end":{"line":23,"column":20}},"8":{"start":{"line":24,"column":2},"end":{"line":24,"column":23}},"9":{"start":{"line":25,"column":2},"end":{"line":25,"column":69}},"10":{"start":{"line":27,"column":2},"end":{"line":32,"column":11}},"11":{"start":{"line":28,"column":4},"end":{"line":28,"column":52}},"12":{"start":{"line":29,"column":4},"end":{"line":31,"column":5}},"13":{"start":{"line":30,"column":6},"end":{"line":30,"column":35}},"14":{"start":{"line":35,"column":2},"end":{"line":43,"column":11}},"15":{"start":{"line":36,"column":4},"end":{"line":36,"column":27}},"16":{"start":{"line":37,"column":4},"end":{"line":42,"column":5}},"17":{"start":{"line":38,"column":6},"end":{"line":41,"column":8}},"18":{"start":{"line":45,"column":2},"end":{"line":45,"column":19}},"19":{"start":{"line":46,"column":2},"end":{"line":46,"column":63}},"20":{"start":{"line":48,"column":2},"end":{"line":48,"column":75}},"21":{"start":{"line":59,"column":0},"end":{"line":61,"column":2}},"22":{"start":{"line":60,"column":2},"end":{"line":60,"column":32}},"23":{"start":{"line":73,"column":0},"end":{"line":84,"column":2}},"24":{"start":{"line":74,"column":2},"end":{"line":74,"column":36}},"25":{"start":{"line":76,"column":2},"end":{"line":81,"column":3}},"26":{"start":{"line":77,"column":4},"end":{"line":80,"column":5}},"27":{"start":{"line":78,"column":6},"end":{"line":78,"column":26}},"28":{"start":{"line":79,"column":6},"end":{"line":79,"column":74}},"29":{"start":{"line":83,"column":2},"end":{"line":83,"column":16}},"30":{"start":{"line":94,"column":0},"end":{"line":97,"column":2}},"31":{"start":{"line":95,"column":2},"end":{"line":95,"column":42}},"32":{"start":{"line":95,"column":32},"end":{"line":95,"column":42}},"33":{"start":{"line":96,"column":2},"end":{"line":96,"column":42}},"34":{"start":{"line":115,"column":0},"end":{"line":136,"column":2}},"35":{"start":{"line":116,"column":2},"end":{"line":116,"column":20}},"36":{"start":{"line":117,"column":2},"end":{"line":117,"column":22}},"37":{"start":{"line":118,"column":2},"end":{"line":118,"column":41}},"38":{"start":{"line":121,"column":2},"end":{"line":123,"column":3}},"39":{"start":{"line":122,"column":4},"end":{"line":122,"column":49}},"40":{"start":{"line":125,"column":2},"end":{"line":135,"column":3}},"41":{"start":{"line":126,"column":4},"end":{"line":126,"column":41}},"42":{"start":{"line":127,"column":4},"end":{"line":127,"column":21}},"43":{"start":{"line":128,"column":4},"end":{"line":130,"column":5}},"44":{"start":{"line":129,"column":6},"end":{"line":129,"column":62}},"45":{"start":{"line":129,"column":26},"end":{"line":129,"column":62}},"46":{"start":{"line":131,"column":4},"end":{"line":131,"column":27}},"47":{"start":{"line":134,"column":4},"end":{"line":134,"column":26}},"48":{"start":{"line":161,"column":0},"end":{"line":188,"column":2}},"49":{"start":{"line":162,"column":2},"end":{"line":162,"column":25}},"50":{"start":{"line":163,"column":2},"end":{"line":163,"column":31}},"51":{"start":{"line":164,"column":2},"end":{"line":166,"column":4}},"52":{"start":{"line":165,"column":4},"end":{"line":165,"column":55}},"53":{"start":{"line":167,"column":2},"end":{"line":167,"column":27}},"54":{"start":{"line":169,"column":2},"end":{"line":171,"column":5}},"55":{"start":{"line":170,"column":4},"end":{"line":170,"column":18}},"56":{"start":{"line":173,"column":2},"end":{"line":173,"column":31}},"57":{"start":{"line":174,"column":2},"end":{"line":185,"column":3}},"58":{"start":{"line":176,"column":4},"end":{"line":184,"column":7}},"59":{"start":{"line":179,"column":6},"end":{"line":183,"column":7}},"60":{"start":{"line":181,"column":8},"end":{"line":181,"column":39}},"61":{"start":{"line":182,"column":8},"end":{"line":182,"column":20}},"62":{"start":{"line":187,"column":2},"end":{"line":187,"column":14}},"63":{"start":{"line":198,"column":0},"end":{"line":206,"column":2}},"64":{"start":{"line":199,"column":2},"end":{"line":203,"column":3}},"65":{"start":{"line":200,"column":4},"end":{"line":200,"column":35}},"66":{"start":{"line":201,"column":4},"end":{"line":201,"column":25}},"67":{"start":{"line":202,"column":4},"end":{"line":202,"column":70}},"68":{"start":{"line":205,"column":2},"end":{"line":205,"column":14}},"69":{"start":{"line":217,"column":0},"end":{"line":223,"column":1}},"70":{"start":{"line":218,"column":2},"end":{"line":222,"column":3}},"71":{"start":{"line":219,"column":4},"end":{"line":219,"column":36}},"72":{"start":{"line":221,"column":4},"end":{"line":221,"column":16}}},"branchMap":{"1":{"line":21,"type":"binary-expr","locations":[{"start":{"line":21,"column":14},"end":{"line":21,"column":18}},{"start":{"line":21,"column":22},"end":{"line":21,"column":24}}]},"2":{"line":22,"type":"binary-expr","locations":[{"start":{"line":22,"column":14},"end":{"line":22,"column":28}},{"start":{"line":22,"column":32},"end":{"line":22,"column":36}}]},"3":{"line":25,"type":"cond-expr","locations":[{"start":{"line":25,"column":43},"end":{"line":25,"column":53}},{"start":{"line":25,"column":56},"end":{"line":25,"column":68}}]},"4":{"line":29,"type":"if","locations":[{"start":{"line":29,"column":4},"end":{"line":29,"column":4}},{"start":{"line":29,"column":4},"end":{"line":29,"column":4}}]},"5":{"line":37,"type":"if","locations":[{"start":{"line":37,"column":4},"end":{"line":37,"column":4}},{"start":{"line":37,"column":4},"end":{"line":37,"column":4}}]},"6":{"line":39,"type":"binary-expr","locations":[{"start":{"line":39,"column":37},"end":{"line":39,"column":51}},{"start":{"line":39,"column":55},"end":{"line":39,"column":59}}]},"7":{"line":74,"type":"binary-expr","locations":[{"start":{"line":74,"column":15},"end":{"line":74,"column":29}},{"start":{"line":74,"column":33},"end":{"line":74,"column":35}}]},"8":{"line":77,"type":"if","locations":[{"start":{"line":77,"column":4},"end":{"line":77,"column":4}},{"start":{"line":77,"column":4},"end":{"line":77,"column":4}}]},"9":{"line":79,"type":"cond-expr","locations":[{"start":{"line":79,"column":44},"end":{"line":79,"column":69}},{"start":{"line":79,"column":72},"end":{"line":79,"column":73}}]},"10":{"line":95,"type":"if","locations":[{"start":{"line":95,"column":2},"end":{"line":95,"column":2}},{"start":{"line":95,"column":2},"end":{"line":95,"column":2}}]},"11":{"line":121,"type":"if","locations":[{"start":{"line":121,"column":2},"end":{"line":121,"column":2}},{"start":{"line":121,"column":2},"end":{"line":121,"column":2}}]},"12":{"line":125,"type":"if","locations":[{"start":{"line":125,"column":2},"end":{"line":125,"column":2}},{"start":{"line":125,"column":2},"end":{"line":125,"column":2}}]},"13":{"line":129,"type":"if","locations":[{"start":{"line":129,"column":6},"end":{"line":129,"column":6}},{"start":{"line":129,"column":6},"end":{"line":129,"column":6}}]},"14":{"line":174,"type":"if","locations":[{"start":{"line":174,"column":2},"end":{"line":174,"column":2}},{"start":{"line":174,"column":2},"end":{"line":174,"column":2}}]},"15":{"line":179,"type":"if","locations":[{"start":{"line":179,"column":6},"end":{"line":179,"column":6}},{"start":{"line":179,"column":6},"end":{"line":179,"column":6}}]},"16":{"line":179,"type":"binary-expr","locations":[{"start":{"line":179,"column":10},"end":{"line":179,"column":19}},{"start":{"line":179,"column":23},"end":{"line":179,"column":50}}]},"17":{"line":199,"type":"if","locations":[{"start":{"line":199,"column":2},"end":{"line":199,"column":2}},{"start":{"line":199,"column":2},"end":{"line":199,"column":2}}]}},"code":["var debug = require('debug')('koa-router');","var pathToRegExp = require('path-to-regexp');","","module.exports = Layer;","","/**"," * Initialize a new routing Layer with given `method`, `path`, and `middleware`."," *"," * @param {String|RegExp} path Path string or regular expression."," * @param {Array} methods Array of HTTP verbs."," * @param {Array} middleware Layer callback/middleware or series of."," * @param {Object=} opts"," * @param {String=} opts.name route name"," * @param {String=} opts.sensitive case sensitive (default: false)"," * @param {String=} opts.strict require the trailing slash (default: false)"," * @returns {Layer}"," * @private"," */","","function Layer(path, methods, middleware, opts) {","  this.opts = opts || {};","  this.name = this.opts.name || null;","  this.methods = [];","  this.paramNames = [];","  this.stack = Array.isArray(middleware) ? middleware : [middleware];","","  methods.forEach(function(method) {","    var l = this.methods.push(method.toUpperCase());","    if (this.methods[l-1] === 'GET') {","      this.methods.unshift('HEAD');","    }","  }, this);","","  // ensure middleware is a function","  this.stack.forEach(function(fn) {","    var type = (typeof fn);","    if (type !== 'function') {","      throw new Error(","        methods.toString() + \" `\" + (this.opts.name || path) +\"`: `middleware` \"","        + \"must be a function, not `\" + type + \"`\"","      );","    }","  }, this);","","  this.path = path;","  this.regexp = pathToRegExp(path, this.paramNames, this.opts);","","  debug('defined route %s %s', this.methods, this.opts.prefix + this.path);","};","","/**"," * Returns whether request `path` matches route."," *"," * @param {String} path"," * @returns {Boolean}"," * @private"," */","","Layer.prototype.match = function (path) {","  return this.regexp.test(path);","};","","/**"," * Returns map of URL parameters for given `path` and `paramNames`."," *"," * @param {String} path"," * @param {Array.<String>} captures"," * @param {Object=} existingParams"," * @returns {Object}"," * @private"," */","","Layer.prototype.params = function (path, captures, existingParams) {","  var params = existingParams || {};","","  for (var len = captures.length, i=0; i<len; i++) {","    if (this.paramNames[i]) {","      var c = captures[i];","      params[this.paramNames[i].name] = c ? safeDecodeURIComponent(c) : c;","    }","  }","","  return params;","};","","/**"," * Returns array of regexp url path captures."," *"," * @param {String} path"," * @returns {Array.<String>}"," * @private"," */","","Layer.prototype.captures = function (path) {","  if (this.opts.ignoreCaptures) return [];","  return path.match(this.regexp).slice(1);","};","","/**"," * Generate URL for route using given `params`."," *"," * @example"," *"," * ```javascript"," * var route = new Layer(['GET'], '/users/:id', fn);"," *"," * route.url({ id: 123 }); // => \"/users/123\""," * ```"," *"," * @param {Object} params url parameters"," * @returns {String}"," * @private"," */","","Layer.prototype.url = function (params) {","  var args = params;","  var url = this.path;","  var toPath = pathToRegExp.compile(url);","","  // argument is of form { key: val }","  if (typeof params != 'object') {","    args = Array.prototype.slice.call(arguments);","  }","","  if (args instanceof Array) {","    var tokens = pathToRegExp.parse(url);","    var replace = {};","    for (var len = tokens.length, i=0, j=0; i<len; i++) {","      if (tokens[i].name) replace[tokens[i].name] = args[j++];","    }","    return toPath(replace);","  }","  else {","    return toPath(params);","  }","};","","/**"," * Run validations on route named parameters."," *"," * @example"," *"," * ```javascript"," * router"," *   .param('user', function (id, ctx, next) {"," *     ctx.user = users[id];"," *     if (!user) return ctx.status = 404;"," *     next();"," *   })"," *   .get('/users/:user', function (ctx, next) {"," *     ctx.body = ctx.user;"," *   });"," * ```"," *"," * @param {String} param"," * @param {Function} middleware"," * @returns {Layer}"," * @private"," */","","Layer.prototype.param = function (param, fn) {","  var stack = this.stack;","  var params = this.paramNames;","  var middleware = function (ctx, next) {","    return fn.call(this, ctx.params[param], ctx, next);","  };","  middleware.param = param;","","  var names = params.map(function (p) {","    return p.name;","  });","","  var x = names.indexOf(param);","  if (x > -1) {","    // iterate through the stack, to figure out where to place the handler fn","    stack.some(function (fn, i) {","      // param handlers are always first, so when we find an fn w/o a param property, stop here","      // if the param handler at this part of the stack comes after the one we are adding, stop here","      if (!fn.param || names.indexOf(fn.param) > x) {","        // inject this param handler right before the current item","        stack.splice(i, 0, middleware);","        return true; // then break the loop","      }","    });","  }","","  return this;","};","","/**"," * Prefix route path."," *"," * @param {String} prefix"," * @returns {Layer}"," * @private"," */","","Layer.prototype.setPrefix = function (prefix) {","  if (this.path) {","    this.path = prefix + this.path;","    this.paramNames = [];","    this.regexp = pathToRegExp(this.path, this.paramNames, this.opts);","  }","","  return this;","};","","/**"," * Safe decodeURIComponent, won't throw any error."," * If `decodeURIComponent` error happen, just return the original value."," *"," * @param {String} text"," * @returns {String} URL decode original string."," * @private"," */","","function safeDecodeURIComponent(text) {","  try {","    return decodeURIComponent(text);","  } catch (e) {","    return text;","  }","}",""],"l":{"1":1,"2":1,"4":1,"20":1,"21":0,"22":0,"23":0,"24":0,"25":0,"27":0,"28":0,"29":0,"30":0,"35":0,"36":0,"37":0,"38":0,"45":0,"46":0,"48":0,"59":1,"60":0,"73":1,"74":0,"76":0,"77":0,"78":0,"79":0,"83":0,"94":1,"95":0,"96":0,"115":1,"116":0,"117":0,"118":0,"121":0,"122":0,"125":0,"126":0,"127":0,"128":0,"129":0,"131":0,"134":0,"161":1,"162":0,"163":0,"164":0,"165":0,"167":0,"169":0,"170":0,"173":0,"174":0,"176":0,"179":0,"181":0,"182":0,"187":0,"198":1,"199":0,"200":0,"201":0,"202":0,"205":0,"217":1,"218":0,"219":0,"221":0}}}